The target system is: Generic -  - 
The host system is: Darwin - 22.1.0 - x86_64
Compiling the C compiler identification source file "CMakeCCompilerId.c" succeeded.
Compiler: /Users/daphne/.espressif/tools/xtensa-esp32-elf/esp-2022r1-11.2.0/xtensa-esp32-elf/bin/xtensa-esp32-elf-gcc 
Build flags: -mlongcalls;-Wno-frame-address;
Id flags:  

The output was:
0


Compilation of the C compiler identification source "CMakeCCompilerId.c" produced "a.out"

The C compiler identification is GNU, found in "/Users/daphne/Documents/HU/Jaar-2-periode-4/MRB/MRB-git/Jaar-2-MRB/Eindopdacht/Eindopdacht_versie_1/hello_world/build/bootloader/CMakeFiles/3.24.0/CompilerIdC/a.out"

Compiling the CXX compiler identification source file "CMakeCXXCompilerId.cpp" succeeded.
Compiler: /Users/daphne/.espressif/tools/xtensa-esp32-elf/esp-2022r1-11.2.0/xtensa-esp32-elf/bin/xtensa-esp32-elf-g++ 
Build flags: -mlongcalls;-Wno-frame-address;
Id flags:  

The output was:
0


Compilation of the CXX compiler identification source "CMakeCXXCompilerId.cpp" produced "a.out"

The CXX compiler identification is GNU, found in "/Users/daphne/Documents/HU/Jaar-2-periode-4/MRB/MRB-git/Jaar-2-MRB/Eindopdacht/Eindopdacht_versie_1/hello_world/build/bootloader/CMakeFiles/3.24.0/CompilerIdCXX/a.out"

Checking whether the ASM compiler is GNU using "--version" matched "(GNU assembler)|(GCC)|(Free Software Foundation)":
xtensa-esp32-elf-gcc (crosstool-NG esp-2022r1) 11.2.0
Copyright (C) 2021 Free Software Foundation, Inc.
This is free software; see the source for copying conditions.  There is NO
warranty; not even for MERCHANTABILITY or FITNESS FOR A PARTICULAR PURPOSE.

Detecting C compiler ABI info compiled with the following output:
Change Dir: /Users/daphne/Documents/HU/Jaar-2-periode-4/MRB/MRB-git/Jaar-2-MRB/Eindopdacht/Eindopdacht_versie_1/hello_world/build/bootloader/CMakeFiles/CMakeTmp

Run Build Command(s):/Users/daphne/anaconda3/bin/ninja cmTC_ce0b7 && [1/2] Building C object CMakeFiles/cmTC_ce0b7.dir/CMakeCCompilerABI.c.obj
Using built-in specs.
COLLECT_GCC=/Users/daphne/.espressif/tools/xtensa-esp32-elf/esp-2022r1-11.2.0/xtensa-esp32-elf/bin/xtensa-esp32-elf-gcc
Target: xtensa-esp32-elf
Configured with: /builds/idf/crosstool-NG/.build/HOST-x86_64-apple-darwin12/xtensa-esp32-elf/src/gcc/configure --build=x86_64-build_pc-linux-gnu --host=x86_64-host_apple-darwin12 --target=xtensa-esp32-elf --prefix=/builds/idf/crosstool-NG/builds/xtensa-esp32-elf --exec_prefix=/builds/idf/crosstool-NG/builds/xtensa-esp32-elf --with-local-prefix=/builds/idf/crosstool-NG/builds/xtensa-esp32-elf/xtensa-esp32-elf --with-headers=/builds/idf/crosstool-NG/builds/xtensa-esp32-elf/xtensa-esp32-elf/include --with-newlib --enable-threads=no --disable-shared --with-pkgversion='crosstool-NG esp-2022r1' --disable-__cxa_atexit --enable-cxx-flags=-ffunction-sections --disable-libgomp --disable-libmudflap --disable-libmpx --disable-libssp --disable-libquadmath --disable-libquadmath-support --disable-libstdcxx-verbose --with-gmp=/builds/idf/crosstool-NG/.build/HOST-x86_64-apple-darwin12/xtensa-esp32-elf/buildtools/complibs-host --with-mpfr=/builds/idf/crosstool-NG/.build/HOST-x86_64-apple-darwin12/xtensa-esp32-elf/buildtools/complibs-host --with-mpc=/builds/idf/crosstool-NG/.build/HOST-x86_64-apple-darwin12/xtensa-esp32-elf/buildtools/complibs-host --with-isl=/builds/idf/crosstool-NG/.build/HOST-x86_64-apple-darwin12/xtensa-esp32-elf/buildtools/complibs-host --enable-lto --enable-target-optspace --without-long-double-128 --disable-nls --enable-multiarch --enable-languages=c,c++ --disable-libstdcxx-verbose --enable-threads=posix --enable-gcov-custom-rtio --enable-libstdcxx-time=yes
Thread model: posix
Supported LTO compression algorithms: zlib
gcc version 11.2.0 (crosstool-NG esp-2022r1) 
COLLECT_GCC_OPTIONS='-mlongcalls' '-Wno-frame-address' '-v' '-o' 'CMakeFiles/cmTC_ce0b7.dir/CMakeCCompilerABI.c.obj' '-c' '-dumpdir' 'CMakeFiles/cmTC_ce0b7.dir/'
 /Users/daphne/.espressif/tools/xtensa-esp32-elf/esp-2022r1-11.2.0/xtensa-esp32-elf/bin/../libexec/gcc/xtensa-esp32-elf/11.2.0/cc1 -quiet -v -iprefix /Users/daphne/.espressif/tools/xtensa-esp32-elf/esp-2022r1-11.2.0/xtensa-esp32-elf/bin/../lib/gcc/xtensa-esp32-elf/11.2.0/ /Users/daphne/.espressif/tools/cmake/3.24.0/CMake.app/Contents/share/cmake-3.24/Modules/CMakeCCompilerABI.c -quiet -dumpdir CMakeFiles/cmTC_ce0b7.dir/ -dumpbase CMakeCCompilerABI.c.c -dumpbase-ext .c -mlongcalls -Wno-frame-address -version -o /var/folders/c6/2nfq7tf54r78j1k2sj1jnd4m0000gn/T//cct1vtGd.s
GNU C17 (crosstool-NG esp-2022r1) version 11.2.0 (xtensa-esp32-elf)
	compiled by GNU C version 8.3.0, GMP version 6.2.1, MPFR version 4.1.0, MPC version 1.2.1, isl version isl-0.24-GMP

GGC heuristics: --param ggc-min-expand=100 --param ggc-min-heapsize=131072
ignoring duplicate directory "/Users/daphne/.espressif/tools/xtensa-esp32-elf/esp-2022r1-11.2.0/xtensa-esp32-elf/bin/../lib/gcc/../../lib/gcc/xtensa-esp32-elf/11.2.0/include"
ignoring duplicate directory "/Users/daphne/.espressif/tools/xtensa-esp32-elf/esp-2022r1-11.2.0/xtensa-esp32-elf/bin/../lib/gcc/../../lib/gcc/xtensa-esp32-elf/11.2.0/include-fixed"
ignoring duplicate directory "/Users/daphne/.espressif/tools/xtensa-esp32-elf/esp-2022r1-11.2.0/xtensa-esp32-elf/bin/../lib/gcc/../../lib/gcc/xtensa-esp32-elf/11.2.0/../../../../xtensa-esp32-elf/sys-include"
ignoring duplicate directory "/Users/daphne/.espressif/tools/xtensa-esp32-elf/esp-2022r1-11.2.0/xtensa-esp32-elf/bin/../lib/gcc/../../lib/gcc/xtensa-esp32-elf/11.2.0/../../../../xtensa-esp32-elf/include"
#include "..." search starts here:
#include <...> search starts here:
 /Users/daphne/.espressif/tools/xtensa-esp32-elf/esp-2022r1-11.2.0/xtensa-esp32-elf/bin/../lib/gcc/xtensa-esp32-elf/11.2.0/include
 /Users/daphne/.espressif/tools/xtensa-esp32-elf/esp-2022r1-11.2.0/xtensa-esp32-elf/bin/../lib/gcc/xtensa-esp32-elf/11.2.0/include-fixed
 /Users/daphne/.espressif/tools/xtensa-esp32-elf/esp-2022r1-11.2.0/xtensa-esp32-elf/bin/../lib/gcc/xtensa-esp32-elf/11.2.0/../../../../xtensa-esp32-elf/sys-include
 /Users/daphne/.espressif/tools/xtensa-esp32-elf/esp-2022r1-11.2.0/xtensa-esp32-elf/bin/../lib/gcc/xtensa-esp32-elf/11.2.0/../../../../xtensa-esp32-elf/include
End of search list.
GNU C17 (crosstool-NG esp-2022r1) version 11.2.0 (xtensa-esp32-elf)
	compiled by GNU C version 8.3.0, GMP version 6.2.1, MPFR version 4.1.0, MPC version 1.2.1, isl version isl-0.24-GMP

GGC heuristics: --param ggc-min-expand=100 --param ggc-min-heapsize=131072
Compiler executable checksum: 1f2daba52820fa5dcd9c59b3dd8eceda
COLLECT_GCC_OPTIONS='-mlongcalls' '-Wno-frame-address' '-v' '-o' 'CMakeFiles/cmTC_ce0b7.dir/CMakeCCompilerABI.c.obj' '-c' '-dumpdir' 'CMakeFiles/cmTC_ce0b7.dir/'
 /Users/daphne/.espressif/tools/xtensa-esp32-elf/esp-2022r1-11.2.0/xtensa-esp32-elf/bin/../lib/gcc/xtensa-esp32-elf/11.2.0/../../../../xtensa-esp32-elf/bin/as --traditional-format --longcalls -o CMakeFiles/cmTC_ce0b7.dir/CMakeCCompilerABI.c.obj /var/folders/c6/2nfq7tf54r78j1k2sj1jnd4m0000gn/T//cct1vtGd.s
COMPILER_PATH=/Users/daphne/.espressif/tools/xtensa-esp32-elf/esp-2022r1-11.2.0/xtensa-esp32-elf/bin/../libexec/gcc/xtensa-esp32-elf/11.2.0/:/Users/daphne/.espressif/tools/xtensa-esp32-elf/esp-2022r1-11.2.0/xtensa-esp32-elf/bin/../libexec/gcc/:/Users/daphne/.espressif/tools/xtensa-esp32-elf/esp-2022r1-11.2.0/xtensa-esp32-elf/bin/../lib/gcc/xtensa-esp32-elf/11.2.0/../../../../xtensa-esp32-elf/bin/
LIBRARY_PATH=/Users/daphne/.espressif/tools/xtensa-esp32-elf/esp-2022r1-11.2.0/xtensa-esp32-elf/bin/../lib/gcc/xtensa-esp32-elf/11.2.0/:/Users/daphne/.espressif/tools/xtensa-esp32-elf/esp-2022r1-11.2.0/xtensa-esp32-elf/bin/../lib/gcc/:/Users/daphne/.espressif/tools/xtensa-esp32-elf/esp-2022r1-11.2.0/xtensa-esp32-elf/bin/../lib/gcc/xtensa-esp32-elf/11.2.0/../../../../xtensa-esp32-elf/lib/
COLLECT_GCC_OPTIONS='-mlongcalls' '-Wno-frame-address' '-v' '-o' 'CMakeFiles/cmTC_ce0b7.dir/CMakeCCompilerABI.c.obj' '-c' '-dumpdir' 'CMakeFiles/cmTC_ce0b7.dir/CMakeCCompilerABI.c.'
[2/2] Linking C executable cmTC_ce0b7
Using built-in specs.
COLLECT_GCC=/Users/daphne/.espressif/tools/xtensa-esp32-elf/esp-2022r1-11.2.0/xtensa-esp32-elf/bin/xtensa-esp32-elf-gcc
COLLECT_LTO_WRAPPER=/Users/daphne/.espressif/tools/xtensa-esp32-elf/esp-2022r1-11.2.0/xtensa-esp32-elf/bin/../libexec/gcc/xtensa-esp32-elf/11.2.0/lto-wrapper
Target: xtensa-esp32-elf
Configured with: /builds/idf/crosstool-NG/.build/HOST-x86_64-apple-darwin12/xtensa-esp32-elf/src/gcc/configure --build=x86_64-build_pc-linux-gnu --host=x86_64-host_apple-darwin12 --target=xtensa-esp32-elf --prefix=/builds/idf/crosstool-NG/builds/xtensa-esp32-elf --exec_prefix=/builds/idf/crosstool-NG/builds/xtensa-esp32-elf --with-local-prefix=/builds/idf/crosstool-NG/builds/xtensa-esp32-elf/xtensa-esp32-elf --with-headers=/builds/idf/crosstool-NG/builds/xtensa-esp32-elf/xtensa-esp32-elf/include --with-newlib --enable-threads=no --disable-shared --with-pkgversion='crosstool-NG esp-2022r1' --disable-__cxa_atexit --enable-cxx-flags=-ffunction-sections --disable-libgomp --disable-libmudflap --disable-libmpx --disable-libssp --disable-libquadmath --disable-libquadmath-support --disable-libstdcxx-verbose --with-gmp=/builds/idf/crosstool-NG/.build/HOST-x86_64-apple-darwin12/xtensa-esp32-elf/buildtools/complibs-host --with-mpfr=/builds/idf/crosstool-NG/.build/HOST-x86_64-apple-darwin12/xtensa-esp32-elf/buildtools/complibs-host --with-mpc=/builds/idf/crosstool-NG/.build/HOST-x86_64-apple-darwin12/xtensa-esp32-elf/buildtools/complibs-host --with-isl=/builds/idf/crosstool-NG/.build/HOST-x86_64-apple-darwin12/xtensa-esp32-elf/buildtools/complibs-host --enable-lto --enable-target-optspace --without-long-double-128 --disable-nls --enable-multiarch --enable-languages=c,c++ --disable-libstdcxx-verbose --enable-threads=posix --enable-gcov-custom-rtio --enable-libstdcxx-time=yes
Thread model: posix
Supported LTO compression algorithms: zlib
gcc version 11.2.0 (crosstool-NG esp-2022r1) 
COMPILER_PATH=/Users/daphne/.espressif/tools/xtensa-esp32-elf/esp-2022r1-11.2.0/xtensa-esp32-elf/bin/../libexec/gcc/xtensa-esp32-elf/11.2.0/:/Users/daphne/.espressif/tools/xtensa-esp32-elf/esp-2022r1-11.2.0/xtensa-esp32-elf/bin/../libexec/gcc/:/Users/daphne/.espressif/tools/xtensa-esp32-elf/esp-2022r1-11.2.0/xtensa-esp32-elf/bin/../lib/gcc/xtensa-esp32-elf/11.2.0/../../../../xtensa-esp32-elf/bin/
LIBRARY_PATH=/Users/daphne/.espressif/tools/xtensa-esp32-elf/esp-2022r1-11.2.0/xtensa-esp32-elf/bin/../lib/gcc/xtensa-esp32-elf/11.2.0/:/Users/daphne/.espressif/tools/xtensa-esp32-elf/esp-2022r1-11.2.0/xtensa-esp32-elf/bin/../lib/gcc/:/Users/daphne/.espressif/tools/xtensa-esp32-elf/esp-2022r1-11.2.0/xtensa-esp32-elf/bin/../lib/gcc/xtensa-esp32-elf/11.2.0/../../../../xtensa-esp32-elf/lib/
COLLECT_GCC_OPTIONS='-mlongcalls' '-Wno-frame-address' '-v' '-o' 'cmTC_ce0b7' '-dumpdir' 'cmTC_ce0b7.'
 /Users/daphne/.espressif/tools/xtensa-esp32-elf/esp-2022r1-11.2.0/xtensa-esp32-elf/bin/../libexec/gcc/xtensa-esp32-elf/11.2.0/collect2 -plugin /Users/daphne/.espressif/tools/xtensa-esp32-elf/esp-2022r1-11.2.0/xtensa-esp32-elf/bin/../libexec/gcc/xtensa-esp32-elf/11.2.0/liblto_plugin.so -plugin-opt=/Users/daphne/.espressif/tools/xtensa-esp32-elf/esp-2022r1-11.2.0/xtensa-esp32-elf/bin/../libexec/gcc/xtensa-esp32-elf/11.2.0/lto-wrapper -plugin-opt=-fresolution=/var/folders/c6/2nfq7tf54r78j1k2sj1jnd4m0000gn/T//ccN8sbum.res -plugin-opt=-pass-through=-lgcc -plugin-opt=-pass-through=-lc -plugin-opt=-pass-through=-lnosys -plugin-opt=-pass-through=-lc -plugin-opt=-pass-through=-lgcc -o cmTC_ce0b7 /Users/daphne/.espressif/tools/xtensa-esp32-elf/esp-2022r1-11.2.0/xtensa-esp32-elf/bin/../lib/gcc/xtensa-esp32-elf/11.2.0/../../../../xtensa-esp32-elf/lib/crt0.o /Users/daphne/.espressif/tools/xtensa-esp32-elf/esp-2022r1-11.2.0/xtensa-esp32-elf/bin/../lib/gcc/xtensa-esp32-elf/11.2.0/crti.o /Users/daphne/.espressif/tools/xtensa-esp32-elf/esp-2022r1-11.2.0/xtensa-esp32-elf/bin/../lib/gcc/xtensa-esp32-elf/11.2.0/crtbegin.o -L/Users/daphne/.espressif/tools/xtensa-esp32-elf/esp-2022r1-11.2.0/xtensa-esp32-elf/bin/../lib/gcc/xtensa-esp32-elf/11.2.0 -L/Users/daphne/.espressif/tools/xtensa-esp32-elf/esp-2022r1-11.2.0/xtensa-esp32-elf/bin/../lib/gcc -L/Users/daphne/.espressif/tools/xtensa-esp32-elf/esp-2022r1-11.2.0/xtensa-esp32-elf/bin/../lib/gcc/xtensa-esp32-elf/11.2.0/../../../../xtensa-esp32-elf/lib CMakeFiles/cmTC_ce0b7.dir/CMakeCCompilerABI.c.obj -lgcc -lc -lnosys -lc -lgcc /Users/daphne/.espressif/tools/xtensa-esp32-elf/esp-2022r1-11.2.0/xtensa-esp32-elf/bin/../lib/gcc/xtensa-esp32-elf/11.2.0/crtend.o /Users/daphne/.espressif/tools/xtensa-esp32-elf/esp-2022r1-11.2.0/xtensa-esp32-elf/bin/../lib/gcc/xtensa-esp32-elf/11.2.0/crtn.o
COLLECT_GCC_OPTIONS='-mlongcalls' '-Wno-frame-address' '-v' '-o' 'cmTC_ce0b7' '-dumpdir' 'cmTC_ce0b7.'



Parsed C implicit include dir info from above output: rv=done
  found start of include info
  found start of implicit include info
    add: [/Users/daphne/.espressif/tools/xtensa-esp32-elf/esp-2022r1-11.2.0/xtensa-esp32-elf/bin/../lib/gcc/xtensa-esp32-elf/11.2.0/include]
    add: [/Users/daphne/.espressif/tools/xtensa-esp32-elf/esp-2022r1-11.2.0/xtensa-esp32-elf/bin/../lib/gcc/xtensa-esp32-elf/11.2.0/include-fixed]
    add: [/Users/daphne/.espressif/tools/xtensa-esp32-elf/esp-2022r1-11.2.0/xtensa-esp32-elf/bin/../lib/gcc/xtensa-esp32-elf/11.2.0/../../../../xtensa-esp32-elf/sys-include]
    add: [/Users/daphne/.espressif/tools/xtensa-esp32-elf/esp-2022r1-11.2.0/xtensa-esp32-elf/bin/../lib/gcc/xtensa-esp32-elf/11.2.0/../../../../xtensa-esp32-elf/include]
  end of search list found
  collapse include dir [/Users/daphne/.espressif/tools/xtensa-esp32-elf/esp-2022r1-11.2.0/xtensa-esp32-elf/bin/../lib/gcc/xtensa-esp32-elf/11.2.0/include] ==> [/Users/daphne/.espressif/tools/xtensa-esp32-elf/esp-2022r1-11.2.0/xtensa-esp32-elf/lib/gcc/xtensa-esp32-elf/11.2.0/include]
  collapse include dir [/Users/daphne/.espressif/tools/xtensa-esp32-elf/esp-2022r1-11.2.0/xtensa-esp32-elf/bin/../lib/gcc/xtensa-esp32-elf/11.2.0/include-fixed] ==> [/Users/daphne/.espressif/tools/xtensa-esp32-elf/esp-2022r1-11.2.0/xtensa-esp32-elf/lib/gcc/xtensa-esp32-elf/11.2.0/include-fixed]
  collapse include dir [/Users/daphne/.espressif/tools/xtensa-esp32-elf/esp-2022r1-11.2.0/xtensa-esp32-elf/bin/../lib/gcc/xtensa-esp32-elf/11.2.0/../../../../xtensa-esp32-elf/sys-include] ==> [/Users/daphne/.espressif/tools/xtensa-esp32-elf/esp-2022r1-11.2.0/xtensa-esp32-elf/xtensa-esp32-elf/sys-include]
  collapse include dir [/Users/daphne/.espressif/tools/xtensa-esp32-elf/esp-2022r1-11.2.0/xtensa-esp32-elf/bin/../lib/gcc/xtensa-esp32-elf/11.2.0/../../../../xtensa-esp32-elf/include] ==> [/Users/daphne/.espressif/tools/xtensa-esp32-elf/esp-2022r1-11.2.0/xtensa-esp32-elf/xtensa-esp32-elf/include]
  implicit include dirs: [/Users/daphne/.espressif/tools/xtensa-esp32-elf/esp-2022r1-11.2.0/xtensa-esp32-elf/lib/gcc/xtensa-esp32-elf/11.2.0/include;/Users/daphne/.espressif/tools/xtensa-esp32-elf/esp-2022r1-11.2.0/xtensa-esp32-elf/lib/gcc/xtensa-esp32-elf/11.2.0/include-fixed;/Users/daphne/.espressif/tools/xtensa-esp32-elf/esp-2022r1-11.2.0/xtensa-esp32-elf/xtensa-esp32-elf/sys-include;/Users/daphne/.espressif/tools/xtensa-esp32-elf/esp-2022r1-11.2.0/xtensa-esp32-elf/xtensa-esp32-elf/include]


Parsed C implicit link information from above output:
  link line regex: [^( *|.*[/\])(xtensa-esp32-elf-ld|CMAKE_LINK_STARTFILE-NOTFOUND|([^/\]+-)?ld|collect2)[^/\]*( |$)]
  ignore line: [Change Dir: /Users/daphne/Documents/HU/Jaar-2-periode-4/MRB/MRB-git/Jaar-2-MRB/Eindopdacht/Eindopdacht_versie_1/hello_world/build/bootloader/CMakeFiles/CMakeTmp]
  ignore line: []
  ignore line: [Run Build Command(s):/Users/daphne/anaconda3/bin/ninja cmTC_ce0b7 && [1/2] Building C object CMakeFiles/cmTC_ce0b7.dir/CMakeCCompilerABI.c.obj]
  ignore line: [Using built-in specs.]
  ignore line: [COLLECT_GCC=/Users/daphne/.espressif/tools/xtensa-esp32-elf/esp-2022r1-11.2.0/xtensa-esp32-elf/bin/xtensa-esp32-elf-gcc]
  ignore line: [Target: xtensa-esp32-elf]
  ignore line: [Configured with: /builds/idf/crosstool-NG/.build/HOST-x86_64-apple-darwin12/xtensa-esp32-elf/src/gcc/configure --build=x86_64-build_pc-linux-gnu --host=x86_64-host_apple-darwin12 --target=xtensa-esp32-elf --prefix=/builds/idf/crosstool-NG/builds/xtensa-esp32-elf --exec_prefix=/builds/idf/crosstool-NG/builds/xtensa-esp32-elf --with-local-prefix=/builds/idf/crosstool-NG/builds/xtensa-esp32-elf/xtensa-esp32-elf --with-headers=/builds/idf/crosstool-NG/builds/xtensa-esp32-elf/xtensa-esp32-elf/include --with-newlib --enable-threads=no --disable-shared --with-pkgversion='crosstool-NG esp-2022r1' --disable-__cxa_atexit --enable-cxx-flags=-ffunction-sections --disable-libgomp --disable-libmudflap --disable-libmpx --disable-libssp --disable-libquadmath --disable-libquadmath-support --disable-libstdcxx-verbose --with-gmp=/builds/idf/crosstool-NG/.build/HOST-x86_64-apple-darwin12/xtensa-esp32-elf/buildtools/complibs-host --with-mpfr=/builds/idf/crosstool-NG/.build/HOST-x86_64-apple-darwin12/xtensa-esp32-elf/buildtools/complibs-host --with-mpc=/builds/idf/crosstool-NG/.build/HOST-x86_64-apple-darwin12/xtensa-esp32-elf/buildtools/complibs-host --with-isl=/builds/idf/crosstool-NG/.build/HOST-x86_64-apple-darwin12/xtensa-esp32-elf/buildtools/complibs-host --enable-lto --enable-target-optspace --without-long-double-128 --disable-nls --enable-multiarch --enable-languages=c c++ --disable-libstdcxx-verbose --enable-threads=posix --enable-gcov-custom-rtio --enable-libstdcxx-time=yes]
  ignore line: [Thread model: posix]
  ignore line: [Supported LTO compression algorithms: zlib]
  ignore line: [gcc version 11.2.0 (crosstool-NG esp-2022r1) ]
  ignore line: [COLLECT_GCC_OPTIONS='-mlongcalls' '-Wno-frame-address' '-v' '-o' 'CMakeFiles/cmTC_ce0b7.dir/CMakeCCompilerABI.c.obj' '-c' '-dumpdir' 'CMakeFiles/cmTC_ce0b7.dir/']
  ignore line: [ /Users/daphne/.espressif/tools/xtensa-esp32-elf/esp-2022r1-11.2.0/xtensa-esp32-elf/bin/../libexec/gcc/xtensa-esp32-elf/11.2.0/cc1 -quiet -v -iprefix /Users/daphne/.espressif/tools/xtensa-esp32-elf/esp-2022r1-11.2.0/xtensa-esp32-elf/bin/../lib/gcc/xtensa-esp32-elf/11.2.0/ /Users/daphne/.espressif/tools/cmake/3.24.0/CMake.app/Contents/share/cmake-3.24/Modules/CMakeCCompilerABI.c -quiet -dumpdir CMakeFiles/cmTC_ce0b7.dir/ -dumpbase CMakeCCompilerABI.c.c -dumpbase-ext .c -mlongcalls -Wno-frame-address -version -o /var/folders/c6/2nfq7tf54r78j1k2sj1jnd4m0000gn/T//cct1vtGd.s]
  ignore line: [GNU C17 (crosstool-NG esp-2022r1) version 11.2.0 (xtensa-esp32-elf)]
  ignore line: [	compiled by GNU C version 8.3.0  GMP version 6.2.1  MPFR version 4.1.0  MPC version 1.2.1  isl version isl-0.24-GMP]
  ignore line: []
  ignore line: [GGC heuristics: --param ggc-min-expand=100 --param ggc-min-heapsize=131072]
  ignore line: [ignoring duplicate directory "/Users/daphne/.espressif/tools/xtensa-esp32-elf/esp-2022r1-11.2.0/xtensa-esp32-elf/bin/../lib/gcc/../../lib/gcc/xtensa-esp32-elf/11.2.0/include"]
  ignore line: [ignoring duplicate directory "/Users/daphne/.espressif/tools/xtensa-esp32-elf/esp-2022r1-11.2.0/xtensa-esp32-elf/bin/../lib/gcc/../../lib/gcc/xtensa-esp32-elf/11.2.0/include-fixed"]
  ignore line: [ignoring duplicate directory "/Users/daphne/.espressif/tools/xtensa-esp32-elf/esp-2022r1-11.2.0/xtensa-esp32-elf/bin/../lib/gcc/../../lib/gcc/xtensa-esp32-elf/11.2.0/../../../../xtensa-esp32-elf/sys-include"]
  ignore line: [ignoring duplicate directory "/Users/daphne/.espressif/tools/xtensa-esp32-elf/esp-2022r1-11.2.0/xtensa-esp32-elf/bin/../lib/gcc/../../lib/gcc/xtensa-esp32-elf/11.2.0/../../../../xtensa-esp32-elf/include"]
  ignore line: [#include "..." search starts here:]
  ignore line: [#include <...> search starts here:]
  ignore line: [ /Users/daphne/.espressif/tools/xtensa-esp32-elf/esp-2022r1-11.2.0/xtensa-esp32-elf/bin/../lib/gcc/xtensa-esp32-elf/11.2.0/include]
  ignore line: [ /Users/daphne/.espressif/tools/xtensa-esp32-elf/esp-2022r1-11.2.0/xtensa-esp32-elf/bin/../lib/gcc/xtensa-esp32-elf/11.2.0/include-fixed]
  ignore line: [ /Users/daphne/.espressif/tools/xtensa-esp32-elf/esp-2022r1-11.2.0/xtensa-esp32-elf/bin/../lib/gcc/xtensa-esp32-elf/11.2.0/../../../../xtensa-esp32-elf/sys-include]
  ignore line: [ /Users/daphne/.espressif/tools/xtensa-esp32-elf/esp-2022r1-11.2.0/xtensa-esp32-elf/bin/../lib/gcc/xtensa-esp32-elf/11.2.0/../../../../xtensa-esp32-elf/include]
  ignore line: [End of search list.]
  ignore line: [GNU C17 (crosstool-NG esp-2022r1) version 11.2.0 (xtensa-esp32-elf)]
  ignore line: [	compiled by GNU C version 8.3.0  GMP version 6.2.1  MPFR version 4.1.0  MPC version 1.2.1  isl version isl-0.24-GMP]
  ignore line: []
  ignore line: [GGC heuristics: --param ggc-min-expand=100 --param ggc-min-heapsize=131072]
  ignore line: [Compiler executable checksum: 1f2daba52820fa5dcd9c59b3dd8eceda]
  ignore line: [COLLECT_GCC_OPTIONS='-mlongcalls' '-Wno-frame-address' '-v' '-o' 'CMakeFiles/cmTC_ce0b7.dir/CMakeCCompilerABI.c.obj' '-c' '-dumpdir' 'CMakeFiles/cmTC_ce0b7.dir/']
  ignore line: [ /Users/daphne/.espressif/tools/xtensa-esp32-elf/esp-2022r1-11.2.0/xtensa-esp32-elf/bin/../lib/gcc/xtensa-esp32-elf/11.2.0/../../../../xtensa-esp32-elf/bin/as --traditional-format --longcalls -o CMakeFiles/cmTC_ce0b7.dir/CMakeCCompilerABI.c.obj /var/folders/c6/2nfq7tf54r78j1k2sj1jnd4m0000gn/T//cct1vtGd.s]
  ignore line: [COMPILER_PATH=/Users/daphne/.espressif/tools/xtensa-esp32-elf/esp-2022r1-11.2.0/xtensa-esp32-elf/bin/../libexec/gcc/xtensa-esp32-elf/11.2.0/:/Users/daphne/.espressif/tools/xtensa-esp32-elf/esp-2022r1-11.2.0/xtensa-esp32-elf/bin/../libexec/gcc/:/Users/daphne/.espressif/tools/xtensa-esp32-elf/esp-2022r1-11.2.0/xtensa-esp32-elf/bin/../lib/gcc/xtensa-esp32-elf/11.2.0/../../../../xtensa-esp32-elf/bin/]
  ignore line: [LIBRARY_PATH=/Users/daphne/.espressif/tools/xtensa-esp32-elf/esp-2022r1-11.2.0/xtensa-esp32-elf/bin/../lib/gcc/xtensa-esp32-elf/11.2.0/:/Users/daphne/.espressif/tools/xtensa-esp32-elf/esp-2022r1-11.2.0/xtensa-esp32-elf/bin/../lib/gcc/:/Users/daphne/.espressif/tools/xtensa-esp32-elf/esp-2022r1-11.2.0/xtensa-esp32-elf/bin/../lib/gcc/xtensa-esp32-elf/11.2.0/../../../../xtensa-esp32-elf/lib/]
  ignore line: [COLLECT_GCC_OPTIONS='-mlongcalls' '-Wno-frame-address' '-v' '-o' 'CMakeFiles/cmTC_ce0b7.dir/CMakeCCompilerABI.c.obj' '-c' '-dumpdir' 'CMakeFiles/cmTC_ce0b7.dir/CMakeCCompilerABI.c.']
  ignore line: [[2/2] Linking C executable cmTC_ce0b7]
  ignore line: [Using built-in specs.]
  ignore line: [COLLECT_GCC=/Users/daphne/.espressif/tools/xtensa-esp32-elf/esp-2022r1-11.2.0/xtensa-esp32-elf/bin/xtensa-esp32-elf-gcc]
  ignore line: [COLLECT_LTO_WRAPPER=/Users/daphne/.espressif/tools/xtensa-esp32-elf/esp-2022r1-11.2.0/xtensa-esp32-elf/bin/../libexec/gcc/xtensa-esp32-elf/11.2.0/lto-wrapper]
  ignore line: [Target: xtensa-esp32-elf]
  ignore line: [Configured with: /builds/idf/crosstool-NG/.build/HOST-x86_64-apple-darwin12/xtensa-esp32-elf/src/gcc/configure --build=x86_64-build_pc-linux-gnu --host=x86_64-host_apple-darwin12 --target=xtensa-esp32-elf --prefix=/builds/idf/crosstool-NG/builds/xtensa-esp32-elf --exec_prefix=/builds/idf/crosstool-NG/builds/xtensa-esp32-elf --with-local-prefix=/builds/idf/crosstool-NG/builds/xtensa-esp32-elf/xtensa-esp32-elf --with-headers=/builds/idf/crosstool-NG/builds/xtensa-esp32-elf/xtensa-esp32-elf/include --with-newlib --enable-threads=no --disable-shared --with-pkgversion='crosstool-NG esp-2022r1' --disable-__cxa_atexit --enable-cxx-flags=-ffunction-sections --disable-libgomp --disable-libmudflap --disable-libmpx --disable-libssp --disable-libquadmath --disable-libquadmath-support --disable-libstdcxx-verbose --with-gmp=/builds/idf/crosstool-NG/.build/HOST-x86_64-apple-darwin12/xtensa-esp32-elf/buildtools/complibs-host --with-mpfr=/builds/idf/crosstool-NG/.build/HOST-x86_64-apple-darwin12/xtensa-esp32-elf/buildtools/complibs-host --with-mpc=/builds/idf/crosstool-NG/.build/HOST-x86_64-apple-darwin12/xtensa-esp32-elf/buildtools/complibs-host --with-isl=/builds/idf/crosstool-NG/.build/HOST-x86_64-apple-darwin12/xtensa-esp32-elf/buildtools/complibs-host --enable-lto --enable-target-optspace --without-long-double-128 --disable-nls --enable-multiarch --enable-languages=c c++ --disable-libstdcxx-verbose --enable-threads=posix --enable-gcov-custom-rtio --enable-libstdcxx-time=yes]
  ignore line: [Thread model: posix]
  ignore line: [Supported LTO compression algorithms: zlib]
  ignore line: [gcc version 11.2.0 (crosstool-NG esp-2022r1) ]
  ignore line: [COMPILER_PATH=/Users/daphne/.espressif/tools/xtensa-esp32-elf/esp-2022r1-11.2.0/xtensa-esp32-elf/bin/../libexec/gcc/xtensa-esp32-elf/11.2.0/:/Users/daphne/.espressif/tools/xtensa-esp32-elf/esp-2022r1-11.2.0/xtensa-esp32-elf/bin/../libexec/gcc/:/Users/daphne/.espressif/tools/xtensa-esp32-elf/esp-2022r1-11.2.0/xtensa-esp32-elf/bin/../lib/gcc/xtensa-esp32-elf/11.2.0/../../../../xtensa-esp32-elf/bin/]
  ignore line: [LIBRARY_PATH=/Users/daphne/.espressif/tools/xtensa-esp32-elf/esp-2022r1-11.2.0/xtensa-esp32-elf/bin/../lib/gcc/xtensa-esp32-elf/11.2.0/:/Users/daphne/.espressif/tools/xtensa-esp32-elf/esp-2022r1-11.2.0/xtensa-esp32-elf/bin/../lib/gcc/:/Users/daphne/.espressif/tools/xtensa-esp32-elf/esp-2022r1-11.2.0/xtensa-esp32-elf/bin/../lib/gcc/xtensa-esp32-elf/11.2.0/../../../../xtensa-esp32-elf/lib/]
  ignore line: [COLLECT_GCC_OPTIONS='-mlongcalls' '-Wno-frame-address' '-v' '-o' 'cmTC_ce0b7' '-dumpdir' 'cmTC_ce0b7.']
  link line: [ /Users/daphne/.espressif/tools/xtensa-esp32-elf/esp-2022r1-11.2.0/xtensa-esp32-elf/bin/../libexec/gcc/xtensa-esp32-elf/11.2.0/collect2 -plugin /Users/daphne/.espressif/tools/xtensa-esp32-elf/esp-2022r1-11.2.0/xtensa-esp32-elf/bin/../libexec/gcc/xtensa-esp32-elf/11.2.0/liblto_plugin.so -plugin-opt=/Users/daphne/.espressif/tools/xtensa-esp32-elf/esp-2022r1-11.2.0/xtensa-esp32-elf/bin/../libexec/gcc/xtensa-esp32-elf/11.2.0/lto-wrapper -plugin-opt=-fresolution=/var/folders/c6/2nfq7tf54r78j1k2sj1jnd4m0000gn/T//ccN8sbum.res -plugin-opt=-pass-through=-lgcc -plugin-opt=-pass-through=-lc -plugin-opt=-pass-through=-lnosys -plugin-opt=-pass-through=-lc -plugin-opt=-pass-through=-lgcc -o cmTC_ce0b7 /Users/daphne/.espressif/tools/xtensa-esp32-elf/esp-2022r1-11.2.0/xtensa-esp32-elf/bin/../lib/gcc/xtensa-esp32-elf/11.2.0/../../../../xtensa-esp32-elf/lib/crt0.o /Users/daphne/.espressif/tools/xtensa-esp32-elf/esp-2022r1-11.2.0/xtensa-esp32-elf/bin/../lib/gcc/xtensa-esp32-elf/11.2.0/crti.o /Users/daphne/.espressif/tools/xtensa-esp32-elf/esp-2022r1-11.2.0/xtensa-esp32-elf/bin/../lib/gcc/xtensa-esp32-elf/11.2.0/crtbegin.o -L/Users/daphne/.espressif/tools/xtensa-esp32-elf/esp-2022r1-11.2.0/xtensa-esp32-elf/bin/../lib/gcc/xtensa-esp32-elf/11.2.0 -L/Users/daphne/.espressif/tools/xtensa-esp32-elf/esp-2022r1-11.2.0/xtensa-esp32-elf/bin/../lib/gcc -L/Users/daphne/.espressif/tools/xtensa-esp32-elf/esp-2022r1-11.2.0/xtensa-esp32-elf/bin/../lib/gcc/xtensa-esp32-elf/11.2.0/../../../../xtensa-esp32-elf/lib CMakeFiles/cmTC_ce0b7.dir/CMakeCCompilerABI.c.obj -lgcc -lc -lnosys -lc -lgcc /Users/daphne/.espressif/tools/xtensa-esp32-elf/esp-2022r1-11.2.0/xtensa-esp32-elf/bin/../lib/gcc/xtensa-esp32-elf/11.2.0/crtend.o /Users/daphne/.espressif/tools/xtensa-esp32-elf/esp-2022r1-11.2.0/xtensa-esp32-elf/bin/../lib/gcc/xtensa-esp32-elf/11.2.0/crtn.o]
    arg [/Users/daphne/.espressif/tools/xtensa-esp32-elf/esp-2022r1-11.2.0/xtensa-esp32-elf/bin/../libexec/gcc/xtensa-esp32-elf/11.2.0/collect2] ==> ignore
    arg [-plugin] ==> ignore
    arg [/Users/daphne/.espressif/tools/xtensa-esp32-elf/esp-2022r1-11.2.0/xtensa-esp32-elf/bin/../libexec/gcc/xtensa-esp32-elf/11.2.0/liblto_plugin.so] ==> ignore
    arg [-plugin-opt=/Users/daphne/.espressif/tools/xtensa-esp32-elf/esp-2022r1-11.2.0/xtensa-esp32-elf/bin/../libexec/gcc/xtensa-esp32-elf/11.2.0/lto-wrapper] ==> ignore
    arg [-plugin-opt=-fresolution=/var/folders/c6/2nfq7tf54r78j1k2sj1jnd4m0000gn/T//ccN8sbum.res] ==> ignore
    arg [-plugin-opt=-pass-through=-lgcc] ==> ignore
    arg [-plugin-opt=-pass-through=-lc] ==> ignore
    arg [-plugin-opt=-pass-through=-lnosys] ==> ignore
    arg [-plugin-opt=-pass-through=-lc] ==> ignore
    arg [-plugin-opt=-pass-through=-lgcc] ==> ignore
    arg [-o] ==> ignore
    arg [cmTC_ce0b7] ==> ignore
    arg [/Users/daphne/.espressif/tools/xtensa-esp32-elf/esp-2022r1-11.2.0/xtensa-esp32-elf/bin/../lib/gcc/xtensa-esp32-elf/11.2.0/../../../../xtensa-esp32-elf/lib/crt0.o] ==> obj [/Users/daphne/.espressif/tools/xtensa-esp32-elf/esp-2022r1-11.2.0/xtensa-esp32-elf/bin/../lib/gcc/xtensa-esp32-elf/11.2.0/../../../../xtensa-esp32-elf/lib/crt0.o]
    arg [/Users/daphne/.espressif/tools/xtensa-esp32-elf/esp-2022r1-11.2.0/xtensa-esp32-elf/bin/../lib/gcc/xtensa-esp32-elf/11.2.0/crti.o] ==> obj [/Users/daphne/.espressif/tools/xtensa-esp32-elf/esp-2022r1-11.2.0/xtensa-esp32-elf/bin/../lib/gcc/xtensa-esp32-elf/11.2.0/crti.o]
    arg [/Users/daphne/.espressif/tools/xtensa-esp32-elf/esp-2022r1-11.2.0/xtensa-esp32-elf/bin/../lib/gcc/xtensa-esp32-elf/11.2.0/crtbegin.o] ==> obj [/Users/daphne/.espressif/tools/xtensa-esp32-elf/esp-2022r1-11.2.0/xtensa-esp32-elf/bin/../lib/gcc/xtensa-esp32-elf/11.2.0/crtbegin.o]
    arg [-L/Users/daphne/.espressif/tools/xtensa-esp32-elf/esp-2022r1-11.2.0/xtensa-esp32-elf/bin/../lib/gcc/xtensa-esp32-elf/11.2.0] ==> dir [/Users/daphne/.espressif/tools/xtensa-esp32-elf/esp-2022r1-11.2.0/xtensa-esp32-elf/bin/../lib/gcc/xtensa-esp32-elf/11.2.0]
    arg [-L/Users/daphne/.espressif/tools/xtensa-esp32-elf/esp-2022r1-11.2.0/xtensa-esp32-elf/bin/../lib/gcc] ==> dir [/Users/daphne/.espressif/tools/xtensa-esp32-elf/esp-2022r1-11.2.0/xtensa-esp32-elf/bin/../lib/gcc]
    arg [-L/Users/daphne/.espressif/tools/xtensa-esp32-elf/esp-2022r1-11.2.0/xtensa-esp32-elf/bin/../lib/gcc/xtensa-esp32-elf/11.2.0/../../../../xtensa-esp32-elf/lib] ==> dir [/Users/daphne/.espressif/tools/xtensa-esp32-elf/esp-2022r1-11.2.0/xtensa-esp32-elf/bin/../lib/gcc/xtensa-esp32-elf/11.2.0/../../../../xtensa-esp32-elf/lib]
    arg [CMakeFiles/cmTC_ce0b7.dir/CMakeCCompilerABI.c.obj] ==> ignore
    arg [-lgcc] ==> lib [gcc]
    arg [-lc] ==> lib [c]
    arg [-lnosys] ==> lib [nosys]
    arg [-lc] ==> lib [c]
    arg [-lgcc] ==> lib [gcc]
    arg [/Users/daphne/.espressif/tools/xtensa-esp32-elf/esp-2022r1-11.2.0/xtensa-esp32-elf/bin/../lib/gcc/xtensa-esp32-elf/11.2.0/crtend.o] ==> obj [/Users/daphne/.espressif/tools/xtensa-esp32-elf/esp-2022r1-11.2.0/xtensa-esp32-elf/bin/../lib/gcc/xtensa-esp32-elf/11.2.0/crtend.o]
    arg [/Users/daphne/.espressif/tools/xtensa-esp32-elf/esp-2022r1-11.2.0/xtensa-esp32-elf/bin/../lib/gcc/xtensa-esp32-elf/11.2.0/crtn.o] ==> obj [/Users/daphne/.espressif/tools/xtensa-esp32-elf/esp-2022r1-11.2.0/xtensa-esp32-elf/bin/../lib/gcc/xtensa-esp32-elf/11.2.0/crtn.o]
  collapse obj [/Users/daphne/.espressif/tools/xtensa-esp32-elf/esp-2022r1-11.2.0/xtensa-esp32-elf/bin/../lib/gcc/xtensa-esp32-elf/11.2.0/../../../../xtensa-esp32-elf/lib/crt0.o] ==> [/Users/daphne/.espressif/tools/xtensa-esp32-elf/esp-2022r1-11.2.0/xtensa-esp32-elf/xtensa-esp32-elf/lib/crt0.o]
  collapse obj [/Users/daphne/.espressif/tools/xtensa-esp32-elf/esp-2022r1-11.2.0/xtensa-esp32-elf/bin/../lib/gcc/xtensa-esp32-elf/11.2.0/crti.o] ==> [/Users/daphne/.espressif/tools/xtensa-esp32-elf/esp-2022r1-11.2.0/xtensa-esp32-elf/lib/gcc/xtensa-esp32-elf/11.2.0/crti.o]
  collapse obj [/Users/daphne/.espressif/tools/xtensa-esp32-elf/esp-2022r1-11.2.0/xtensa-esp32-elf/bin/../lib/gcc/xtensa-esp32-elf/11.2.0/crtbegin.o] ==> [/Users/daphne/.espressif/tools/xtensa-esp32-elf/esp-2022r1-11.2.0/xtensa-esp32-elf/lib/gcc/xtensa-esp32-elf/11.2.0/crtbegin.o]
  collapse obj [/Users/daphne/.espressif/tools/xtensa-esp32-elf/esp-2022r1-11.2.0/xtensa-esp32-elf/bin/../lib/gcc/xtensa-esp32-elf/11.2.0/crtend.o] ==> [/Users/daphne/.espressif/tools/xtensa-esp32-elf/esp-2022r1-11.2.0/xtensa-esp32-elf/lib/gcc/xtensa-esp32-elf/11.2.0/crtend.o]
  collapse obj [/Users/daphne/.espressif/tools/xtensa-esp32-elf/esp-2022r1-11.2.0/xtensa-esp32-elf/bin/../lib/gcc/xtensa-esp32-elf/11.2.0/crtn.o] ==> [/Users/daphne/.espressif/tools/xtensa-esp32-elf/esp-2022r1-11.2.0/xtensa-esp32-elf/lib/gcc/xtensa-esp32-elf/11.2.0/crtn.o]
  collapse library dir [/Users/daphne/.espressif/tools/xtensa-esp32-elf/esp-2022r1-11.2.0/xtensa-esp32-elf/bin/../lib/gcc/xtensa-esp32-elf/11.2.0] ==> [/Users/daphne/.espressif/tools/xtensa-esp32-elf/esp-2022r1-11.2.0/xtensa-esp32-elf/lib/gcc/xtensa-esp32-elf/11.2.0]
  collapse library dir [/Users/daphne/.espressif/tools/xtensa-esp32-elf/esp-2022r1-11.2.0/xtensa-esp32-elf/bin/../lib/gcc] ==> [/Users/daphne/.espressif/tools/xtensa-esp32-elf/esp-2022r1-11.2.0/xtensa-esp32-elf/lib/gcc]
  collapse library dir [/Users/daphne/.espressif/tools/xtensa-esp32-elf/esp-2022r1-11.2.0/xtensa-esp32-elf/bin/../lib/gcc/xtensa-esp32-elf/11.2.0/../../../../xtensa-esp32-elf/lib] ==> [/Users/daphne/.espressif/tools/xtensa-esp32-elf/esp-2022r1-11.2.0/xtensa-esp32-elf/xtensa-esp32-elf/lib]
  implicit libs: [gcc;c;nosys;c;gcc]
  implicit objs: [/Users/daphne/.espressif/tools/xtensa-esp32-elf/esp-2022r1-11.2.0/xtensa-esp32-elf/xtensa-esp32-elf/lib/crt0.o;/Users/daphne/.espressif/tools/xtensa-esp32-elf/esp-2022r1-11.2.0/xtensa-esp32-elf/lib/gcc/xtensa-esp32-elf/11.2.0/crti.o;/Users/daphne/.espressif/tools/xtensa-esp32-elf/esp-2022r1-11.2.0/xtensa-esp32-elf/lib/gcc/xtensa-esp32-elf/11.2.0/crtbegin.o;/Users/daphne/.espressif/tools/xtensa-esp32-elf/esp-2022r1-11.2.0/xtensa-esp32-elf/lib/gcc/xtensa-esp32-elf/11.2.0/crtend.o;/Users/daphne/.espressif/tools/xtensa-esp32-elf/esp-2022r1-11.2.0/xtensa-esp32-elf/lib/gcc/xtensa-esp32-elf/11.2.0/crtn.o]
  implicit dirs: [/Users/daphne/.espressif/tools/xtensa-esp32-elf/esp-2022r1-11.2.0/xtensa-esp32-elf/lib/gcc/xtensa-esp32-elf/11.2.0;/Users/daphne/.espressif/tools/xtensa-esp32-elf/esp-2022r1-11.2.0/xtensa-esp32-elf/lib/gcc;/Users/daphne/.espressif/tools/xtensa-esp32-elf/esp-2022r1-11.2.0/xtensa-esp32-elf/xtensa-esp32-elf/lib]
  implicit fwks: []


Detecting CXX compiler ABI info compiled with the following output:
Change Dir: /Users/daphne/Documents/HU/Jaar-2-periode-4/MRB/MRB-git/Jaar-2-MRB/Eindopdacht/Eindopdacht_versie_1/hello_world/build/bootloader/CMakeFiles/CMakeTmp

Run Build Command(s):/Users/daphne/anaconda3/bin/ninja cmTC_6e016 && [1/2] Building CXX object CMakeFiles/cmTC_6e016.dir/CMakeCXXCompilerABI.cpp.obj
Using built-in specs.
COLLECT_GCC=/Users/daphne/.espressif/tools/xtensa-esp32-elf/esp-2022r1-11.2.0/xtensa-esp32-elf/bin/xtensa-esp32-elf-g++
Target: xtensa-esp32-elf
Configured with: /builds/idf/crosstool-NG/.build/HOST-x86_64-apple-darwin12/xtensa-esp32-elf/src/gcc/configure --build=x86_64-build_pc-linux-gnu --host=x86_64-host_apple-darwin12 --target=xtensa-esp32-elf --prefix=/builds/idf/crosstool-NG/builds/xtensa-esp32-elf --exec_prefix=/builds/idf/crosstool-NG/builds/xtensa-esp32-elf --with-local-prefix=/builds/idf/crosstool-NG/builds/xtensa-esp32-elf/xtensa-esp32-elf --with-headers=/builds/idf/crosstool-NG/builds/xtensa-esp32-elf/xtensa-esp32-elf/include --with-newlib --enable-threads=no --disable-shared --with-pkgversion='crosstool-NG esp-2022r1' --disable-__cxa_atexit --enable-cxx-flags=-ffunction-sections --disable-libgomp --disable-libmudflap --disable-libmpx --disable-libssp --disable-libquadmath --disable-libquadmath-support --disable-libstdcxx-verbose --with-gmp=/builds/idf/crosstool-NG/.build/HOST-x86_64-apple-darwin12/xtensa-esp32-elf/buildtools/complibs-host --with-mpfr=/builds/idf/crosstool-NG/.build/HOST-x86_64-apple-darwin12/xtensa-esp32-elf/buildtools/complibs-host --with-mpc=/builds/idf/crosstool-NG/.build/HOST-x86_64-apple-darwin12/xtensa-esp32-elf/buildtools/complibs-host --with-isl=/builds/idf/crosstool-NG/.build/HOST-x86_64-apple-darwin12/xtensa-esp32-elf/buildtools/complibs-host --enable-lto --enable-target-optspace --without-long-double-128 --disable-nls --enable-multiarch --enable-languages=c,c++ --disable-libstdcxx-verbose --enable-threads=posix --enable-gcov-custom-rtio --enable-libstdcxx-time=yes
Thread model: posix
Supported LTO compression algorithms: zlib
gcc version 11.2.0 (crosstool-NG esp-2022r1) 
COLLECT_GCC_OPTIONS='-mlongcalls' '-Wno-frame-address' '-v' '-o' 'CMakeFiles/cmTC_6e016.dir/CMakeCXXCompilerABI.cpp.obj' '-c' '-dumpdir' 'CMakeFiles/cmTC_6e016.dir/'
 /Users/daphne/.espressif/tools/xtensa-esp32-elf/esp-2022r1-11.2.0/xtensa-esp32-elf/bin/../libexec/gcc/xtensa-esp32-elf/11.2.0/cc1plus -quiet -v -iprefix /Users/daphne/.espressif/tools/xtensa-esp32-elf/esp-2022r1-11.2.0/xtensa-esp32-elf/bin/../lib/gcc/xtensa-esp32-elf/11.2.0/ /Users/daphne/.espressif/tools/cmake/3.24.0/CMake.app/Contents/share/cmake-3.24/Modules/CMakeCXXCompilerABI.cpp -quiet -dumpdir CMakeFiles/cmTC_6e016.dir/ -dumpbase CMakeCXXCompilerABI.cpp.cpp -dumpbase-ext .cpp -mlongcalls -Wno-frame-address -version -o /var/folders/c6/2nfq7tf54r78j1k2sj1jnd4m0000gn/T//ccMUj6XR.s
GNU C++17 (crosstool-NG esp-2022r1) version 11.2.0 (xtensa-esp32-elf)
	compiled by GNU C version 8.3.0, GMP version 6.2.1, MPFR version 4.1.0, MPC version 1.2.1, isl version isl-0.24-GMP

GGC heuristics: --param ggc-min-expand=100 --param ggc-min-heapsize=131072
ignoring duplicate directory "/Users/daphne/.espressif/tools/xtensa-esp32-elf/esp-2022r1-11.2.0/xtensa-esp32-elf/bin/../lib/gcc/../../lib/gcc/xtensa-esp32-elf/11.2.0/../../../../xtensa-esp32-elf/include/c++/11.2.0"
ignoring duplicate directory "/Users/daphne/.espressif/tools/xtensa-esp32-elf/esp-2022r1-11.2.0/xtensa-esp32-elf/bin/../lib/gcc/../../lib/gcc/xtensa-esp32-elf/11.2.0/../../../../xtensa-esp32-elf/include/c++/11.2.0/xtensa-esp32-elf"
ignoring duplicate directory "/Users/daphne/.espressif/tools/xtensa-esp32-elf/esp-2022r1-11.2.0/xtensa-esp32-elf/bin/../lib/gcc/../../lib/gcc/xtensa-esp32-elf/11.2.0/../../../../xtensa-esp32-elf/include/c++/11.2.0/backward"
ignoring duplicate directory "/Users/daphne/.espressif/tools/xtensa-esp32-elf/esp-2022r1-11.2.0/xtensa-esp32-elf/bin/../lib/gcc/../../lib/gcc/xtensa-esp32-elf/11.2.0/include"
ignoring duplicate directory "/Users/daphne/.espressif/tools/xtensa-esp32-elf/esp-2022r1-11.2.0/xtensa-esp32-elf/bin/../lib/gcc/../../lib/gcc/xtensa-esp32-elf/11.2.0/include-fixed"
ignoring duplicate directory "/Users/daphne/.espressif/tools/xtensa-esp32-elf/esp-2022r1-11.2.0/xtensa-esp32-elf/bin/../lib/gcc/../../lib/gcc/xtensa-esp32-elf/11.2.0/../../../../xtensa-esp32-elf/sys-include"
ignoring duplicate directory "/Users/daphne/.espressif/tools/xtensa-esp32-elf/esp-2022r1-11.2.0/xtensa-esp32-elf/bin/../lib/gcc/../../lib/gcc/xtensa-esp32-elf/11.2.0/../../../../xtensa-esp32-elf/include"
#include "..." search starts here:
#include <...> search starts here:
 /Users/daphne/.espressif/tools/xtensa-esp32-elf/esp-2022r1-11.2.0/xtensa-esp32-elf/bin/../lib/gcc/xtensa-esp32-elf/11.2.0/../../../../xtensa-esp32-elf/include/c++/11.2.0
 /Users/daphne/.espressif/tools/xtensa-esp32-elf/esp-2022r1-11.2.0/xtensa-esp32-elf/bin/../lib/gcc/xtensa-esp32-elf/11.2.0/../../../../xtensa-esp32-elf/include/c++/11.2.0/xtensa-esp32-elf
 /Users/daphne/.espressif/tools/xtensa-esp32-elf/esp-2022r1-11.2.0/xtensa-esp32-elf/bin/../lib/gcc/xtensa-esp32-elf/11.2.0/../../../../xtensa-esp32-elf/include/c++/11.2.0/backward
 /Users/daphne/.espressif/tools/xtensa-esp32-elf/esp-2022r1-11.2.0/xtensa-esp32-elf/bin/../lib/gcc/xtensa-esp32-elf/11.2.0/include
 /Users/daphne/.espressif/tools/xtensa-esp32-elf/esp-2022r1-11.2.0/xtensa-esp32-elf/bin/../lib/gcc/xtensa-esp32-elf/11.2.0/include-fixed
 /Users/daphne/.espressif/tools/xtensa-esp32-elf/esp-2022r1-11.2.0/xtensa-esp32-elf/bin/../lib/gcc/xtensa-esp32-elf/11.2.0/../../../../xtensa-esp32-elf/sys-include
 /Users/daphne/.espressif/tools/xtensa-esp32-elf/esp-2022r1-11.2.0/xtensa-esp32-elf/bin/../lib/gcc/xtensa-esp32-elf/11.2.0/../../../../xtensa-esp32-elf/include
End of search list.
GNU C++17 (crosstool-NG esp-2022r1) version 11.2.0 (xtensa-esp32-elf)
	compiled by GNU C version 8.3.0, GMP version 6.2.1, MPFR version 4.1.0, MPC version 1.2.1, isl version isl-0.24-GMP

GGC heuristics: --param ggc-min-expand=100 --param ggc-min-heapsize=131072
Compiler executable checksum: 81b570d654092f584a25f2d252fedc88
COLLECT_GCC_OPTIONS='-mlongcalls' '-Wno-frame-address' '-v' '-o' 'CMakeFiles/cmTC_6e016.dir/CMakeCXXCompilerABI.cpp.obj' '-c' '-dumpdir' 'CMakeFiles/cmTC_6e016.dir/'
 /Users/daphne/.espressif/tools/xtensa-esp32-elf/esp-2022r1-11.2.0/xtensa-esp32-elf/bin/../lib/gcc/xtensa-esp32-elf/11.2.0/../../../../xtensa-esp32-elf/bin/as --traditional-format --longcalls -o CMakeFiles/cmTC_6e016.dir/CMakeCXXCompilerABI.cpp.obj /var/folders/c6/2nfq7tf54r78j1k2sj1jnd4m0000gn/T//ccMUj6XR.s
COMPILER_PATH=/Users/daphne/.espressif/tools/xtensa-esp32-elf/esp-2022r1-11.2.0/xtensa-esp32-elf/bin/../libexec/gcc/xtensa-esp32-elf/11.2.0/:/Users/daphne/.espressif/tools/xtensa-esp32-elf/esp-2022r1-11.2.0/xtensa-esp32-elf/bin/../libexec/gcc/:/Users/daphne/.espressif/tools/xtensa-esp32-elf/esp-2022r1-11.2.0/xtensa-esp32-elf/bin/../lib/gcc/xtensa-esp32-elf/11.2.0/../../../../xtensa-esp32-elf/bin/
LIBRARY_PATH=/Users/daphne/.espressif/tools/xtensa-esp32-elf/esp-2022r1-11.2.0/xtensa-esp32-elf/bin/../lib/gcc/xtensa-esp32-elf/11.2.0/:/Users/daphne/.espressif/tools/xtensa-esp32-elf/esp-2022r1-11.2.0/xtensa-esp32-elf/bin/../lib/gcc/:/Users/daphne/.espressif/tools/xtensa-esp32-elf/esp-2022r1-11.2.0/xtensa-esp32-elf/bin/../lib/gcc/xtensa-esp32-elf/11.2.0/../../../../xtensa-esp32-elf/lib/
COLLECT_GCC_OPTIONS='-mlongcalls' '-Wno-frame-address' '-v' '-o' 'CMakeFiles/cmTC_6e016.dir/CMakeCXXCompilerABI.cpp.obj' '-c' '-dumpdir' 'CMakeFiles/cmTC_6e016.dir/CMakeCXXCompilerABI.cpp.'
[2/2] Linking CXX executable cmTC_6e016
Using built-in specs.
COLLECT_GCC=/Users/daphne/.espressif/tools/xtensa-esp32-elf/esp-2022r1-11.2.0/xtensa-esp32-elf/bin/xtensa-esp32-elf-g++
COLLECT_LTO_WRAPPER=/Users/daphne/.espressif/tools/xtensa-esp32-elf/esp-2022r1-11.2.0/xtensa-esp32-elf/bin/../libexec/gcc/xtensa-esp32-elf/11.2.0/lto-wrapper
Target: xtensa-esp32-elf
Configured with: /builds/idf/crosstool-NG/.build/HOST-x86_64-apple-darwin12/xtensa-esp32-elf/src/gcc/configure --build=x86_64-build_pc-linux-gnu --host=x86_64-host_apple-darwin12 --target=xtensa-esp32-elf --prefix=/builds/idf/crosstool-NG/builds/xtensa-esp32-elf --exec_prefix=/builds/idf/crosstool-NG/builds/xtensa-esp32-elf --with-local-prefix=/builds/idf/crosstool-NG/builds/xtensa-esp32-elf/xtensa-esp32-elf --with-headers=/builds/idf/crosstool-NG/builds/xtensa-esp32-elf/xtensa-esp32-elf/include --with-newlib --enable-threads=no --disable-shared --with-pkgversion='crosstool-NG esp-2022r1' --disable-__cxa_atexit --enable-cxx-flags=-ffunction-sections --disable-libgomp --disable-libmudflap --disable-libmpx --disable-libssp --disable-libquadmath --disable-libquadmath-support --disable-libstdcxx-verbose --with-gmp=/builds/idf/crosstool-NG/.build/HOST-x86_64-apple-darwin12/xtensa-esp32-elf/buildtools/complibs-host --with-mpfr=/builds/idf/crosstool-NG/.build/HOST-x86_64-apple-darwin12/xtensa-esp32-elf/buildtools/complibs-host --with-mpc=/builds/idf/crosstool-NG/.build/HOST-x86_64-apple-darwin12/xtensa-esp32-elf/buildtools/complibs-host --with-isl=/builds/idf/crosstool-NG/.build/HOST-x86_64-apple-darwin12/xtensa-esp32-elf/buildtools/complibs-host --enable-lto --enable-target-optspace --without-long-double-128 --disable-nls --enable-multiarch --enable-languages=c,c++ --disable-libstdcxx-verbose --enable-threads=posix --enable-gcov-custom-rtio --enable-libstdcxx-time=yes
Thread model: posix
Supported LTO compression algorithms: zlib
gcc version 11.2.0 (crosstool-NG esp-2022r1) 
COMPILER_PATH=/Users/daphne/.espressif/tools/xtensa-esp32-elf/esp-2022r1-11.2.0/xtensa-esp32-elf/bin/../libexec/gcc/xtensa-esp32-elf/11.2.0/:/Users/daphne/.espressif/tools/xtensa-esp32-elf/esp-2022r1-11.2.0/xtensa-esp32-elf/bin/../libexec/gcc/:/Users/daphne/.espressif/tools/xtensa-esp32-elf/esp-2022r1-11.2.0/xtensa-esp32-elf/bin/../lib/gcc/xtensa-esp32-elf/11.2.0/../../../../xtensa-esp32-elf/bin/
LIBRARY_PATH=/Users/daphne/.espressif/tools/xtensa-esp32-elf/esp-2022r1-11.2.0/xtensa-esp32-elf/bin/../lib/gcc/xtensa-esp32-elf/11.2.0/:/Users/daphne/.espressif/tools/xtensa-esp32-elf/esp-2022r1-11.2.0/xtensa-esp32-elf/bin/../lib/gcc/:/Users/daphne/.espressif/tools/xtensa-esp32-elf/esp-2022r1-11.2.0/xtensa-esp32-elf/bin/../lib/gcc/xtensa-esp32-elf/11.2.0/../../../../xtensa-esp32-elf/lib/
COLLECT_GCC_OPTIONS='-mlongcalls' '-Wno-frame-address' '-v' '-o' 'cmTC_6e016' '-dumpdir' 'cmTC_6e016.'
 /Users/daphne/.espressif/tools/xtensa-esp32-elf/esp-2022r1-11.2.0/xtensa-esp32-elf/bin/../libexec/gcc/xtensa-esp32-elf/11.2.0/collect2 -plugin /Users/daphne/.espressif/tools/xtensa-esp32-elf/esp-2022r1-11.2.0/xtensa-esp32-elf/bin/../libexec/gcc/xtensa-esp32-elf/11.2.0/liblto_plugin.so -plugin-opt=/Users/daphne/.espressif/tools/xtensa-esp32-elf/esp-2022r1-11.2.0/xtensa-esp32-elf/bin/../libexec/gcc/xtensa-esp32-elf/11.2.0/lto-wrapper -plugin-opt=-fresolution=/var/folders/c6/2nfq7tf54r78j1k2sj1jnd4m0000gn/T//ccy8l2FH.res -plugin-opt=-pass-through=-lgcc -plugin-opt=-pass-through=-lc -plugin-opt=-pass-through=-lnosys -plugin-opt=-pass-through=-lc -plugin-opt=-pass-through=-lgcc -o cmTC_6e016 /Users/daphne/.espressif/tools/xtensa-esp32-elf/esp-2022r1-11.2.0/xtensa-esp32-elf/bin/../lib/gcc/xtensa-esp32-elf/11.2.0/../../../../xtensa-esp32-elf/lib/crt0.o /Users/daphne/.espressif/tools/xtensa-esp32-elf/esp-2022r1-11.2.0/xtensa-esp32-elf/bin/../lib/gcc/xtensa-esp32-elf/11.2.0/crti.o /Users/daphne/.espressif/tools/xtensa-esp32-elf/esp-2022r1-11.2.0/xtensa-esp32-elf/bin/../lib/gcc/xtensa-esp32-elf/11.2.0/crtbegin.o -L/Users/daphne/.espressif/tools/xtensa-esp32-elf/esp-2022r1-11.2.0/xtensa-esp32-elf/bin/../lib/gcc/xtensa-esp32-elf/11.2.0 -L/Users/daphne/.espressif/tools/xtensa-esp32-elf/esp-2022r1-11.2.0/xtensa-esp32-elf/bin/../lib/gcc -L/Users/daphne/.espressif/tools/xtensa-esp32-elf/esp-2022r1-11.2.0/xtensa-esp32-elf/bin/../lib/gcc/xtensa-esp32-elf/11.2.0/../../../../xtensa-esp32-elf/lib CMakeFiles/cmTC_6e016.dir/CMakeCXXCompilerABI.cpp.obj -lstdc++ -lm -lgcc -lc -lnosys -lc -lgcc /Users/daphne/.espressif/tools/xtensa-esp32-elf/esp-2022r1-11.2.0/xtensa-esp32-elf/bin/../lib/gcc/xtensa-esp32-elf/11.2.0/crtend.o /Users/daphne/.espressif/tools/xtensa-esp32-elf/esp-2022r1-11.2.0/xtensa-esp32-elf/bin/../lib/gcc/xtensa-esp32-elf/11.2.0/crtn.o
COLLECT_GCC_OPTIONS='-mlongcalls' '-Wno-frame-address' '-v' '-o' 'cmTC_6e016' '-dumpdir' 'cmTC_6e016.'



Parsed CXX implicit include dir info from above output: rv=done
  found start of include info
  found start of implicit include info
    add: [/Users/daphne/.espressif/tools/xtensa-esp32-elf/esp-2022r1-11.2.0/xtensa-esp32-elf/bin/../lib/gcc/xtensa-esp32-elf/11.2.0/../../../../xtensa-esp32-elf/include/c++/11.2.0]
    add: [/Users/daphne/.espressif/tools/xtensa-esp32-elf/esp-2022r1-11.2.0/xtensa-esp32-elf/bin/../lib/gcc/xtensa-esp32-elf/11.2.0/../../../../xtensa-esp32-elf/include/c++/11.2.0/xtensa-esp32-elf]
    add: [/Users/daphne/.espressif/tools/xtensa-esp32-elf/esp-2022r1-11.2.0/xtensa-esp32-elf/bin/../lib/gcc/xtensa-esp32-elf/11.2.0/../../../../xtensa-esp32-elf/include/c++/11.2.0/backward]
    add: [/Users/daphne/.espressif/tools/xtensa-esp32-elf/esp-2022r1-11.2.0/xtensa-esp32-elf/bin/../lib/gcc/xtensa-esp32-elf/11.2.0/include]
    add: [/Users/daphne/.espressif/tools/xtensa-esp32-elf/esp-2022r1-11.2.0/xtensa-esp32-elf/bin/../lib/gcc/xtensa-esp32-elf/11.2.0/include-fixed]
    add: [/Users/daphne/.espressif/tools/xtensa-esp32-elf/esp-2022r1-11.2.0/xtensa-esp32-elf/bin/../lib/gcc/xtensa-esp32-elf/11.2.0/../../../../xtensa-esp32-elf/sys-include]
    add: [/Users/daphne/.espressif/tools/xtensa-esp32-elf/esp-2022r1-11.2.0/xtensa-esp32-elf/bin/../lib/gcc/xtensa-esp32-elf/11.2.0/../../../../xtensa-esp32-elf/include]
  end of search list found
  collapse include dir [/Users/daphne/.espressif/tools/xtensa-esp32-elf/esp-2022r1-11.2.0/xtensa-esp32-elf/bin/../lib/gcc/xtensa-esp32-elf/11.2.0/../../../../xtensa-esp32-elf/include/c++/11.2.0] ==> [/Users/daphne/.espressif/tools/xtensa-esp32-elf/esp-2022r1-11.2.0/xtensa-esp32-elf/xtensa-esp32-elf/include/c++/11.2.0]
  collapse include dir [/Users/daphne/.espressif/tools/xtensa-esp32-elf/esp-2022r1-11.2.0/xtensa-esp32-elf/bin/../lib/gcc/xtensa-esp32-elf/11.2.0/../../../../xtensa-esp32-elf/include/c++/11.2.0/xtensa-esp32-elf] ==> [/Users/daphne/.espressif/tools/xtensa-esp32-elf/esp-2022r1-11.2.0/xtensa-esp32-elf/xtensa-esp32-elf/include/c++/11.2.0/xtensa-esp32-elf]
  collapse include dir [/Users/daphne/.espressif/tools/xtensa-esp32-elf/esp-2022r1-11.2.0/xtensa-esp32-elf/bin/../lib/gcc/xtensa-esp32-elf/11.2.0/../../../../xtensa-esp32-elf/include/c++/11.2.0/backward] ==> [/Users/daphne/.espressif/tools/xtensa-esp32-elf/esp-2022r1-11.2.0/xtensa-esp32-elf/xtensa-esp32-elf/include/c++/11.2.0/backward]
  collapse include dir [/Users/daphne/.espressif/tools/xtensa-esp32-elf/esp-2022r1-11.2.0/xtensa-esp32-elf/bin/../lib/gcc/xtensa-esp32-elf/11.2.0/include] ==> [/Users/daphne/.espressif/tools/xtensa-esp32-elf/esp-2022r1-11.2.0/xtensa-esp32-elf/lib/gcc/xtensa-esp32-elf/11.2.0/include]
  collapse include dir [/Users/daphne/.espressif/tools/xtensa-esp32-elf/esp-2022r1-11.2.0/xtensa-esp32-elf/bin/../lib/gcc/xtensa-esp32-elf/11.2.0/include-fixed] ==> [/Users/daphne/.espressif/tools/xtensa-esp32-elf/esp-2022r1-11.2.0/xtensa-esp32-elf/lib/gcc/xtensa-esp32-elf/11.2.0/include-fixed]
  collapse include dir [/Users/daphne/.espressif/tools/xtensa-esp32-elf/esp-2022r1-11.2.0/xtensa-esp32-elf/bin/../lib/gcc/xtensa-esp32-elf/11.2.0/../../../../xtensa-esp32-elf/sys-include] ==> [/Users/daphne/.espressif/tools/xtensa-esp32-elf/esp-2022r1-11.2.0/xtensa-esp32-elf/xtensa-esp32-elf/sys-include]
  collapse include dir [/Users/daphne/.espressif/tools/xtensa-esp32-elf/esp-2022r1-11.2.0/xtensa-esp32-elf/bin/../lib/gcc/xtensa-esp32-elf/11.2.0/../../../../xtensa-esp32-elf/include] ==> [/Users/daphne/.espressif/tools/xtensa-esp32-elf/esp-2022r1-11.2.0/xtensa-esp32-elf/xtensa-esp32-elf/include]
  implicit include dirs: [/Users/daphne/.espressif/tools/xtensa-esp32-elf/esp-2022r1-11.2.0/xtensa-esp32-elf/xtensa-esp32-elf/include/c++/11.2.0;/Users/daphne/.espressif/tools/xtensa-esp32-elf/esp-2022r1-11.2.0/xtensa-esp32-elf/xtensa-esp32-elf/include/c++/11.2.0/xtensa-esp32-elf;/Users/daphne/.espressif/tools/xtensa-esp32-elf/esp-2022r1-11.2.0/xtensa-esp32-elf/xtensa-esp32-elf/include/c++/11.2.0/backward;/Users/daphne/.espressif/tools/xtensa-esp32-elf/esp-2022r1-11.2.0/xtensa-esp32-elf/lib/gcc/xtensa-esp32-elf/11.2.0/include;/Users/daphne/.espressif/tools/xtensa-esp32-elf/esp-2022r1-11.2.0/xtensa-esp32-elf/lib/gcc/xtensa-esp32-elf/11.2.0/include-fixed;/Users/daphne/.espressif/tools/xtensa-esp32-elf/esp-2022r1-11.2.0/xtensa-esp32-elf/xtensa-esp32-elf/sys-include;/Users/daphne/.espressif/tools/xtensa-esp32-elf/esp-2022r1-11.2.0/xtensa-esp32-elf/xtensa-esp32-elf/include]


Parsed CXX implicit link information from above output:
  link line regex: [^( *|.*[/\])(xtensa-esp32-elf-ld|CMAKE_LINK_STARTFILE-NOTFOUND|([^/\]+-)?ld|collect2)[^/\]*( |$)]
  ignore line: [Change Dir: /Users/daphne/Documents/HU/Jaar-2-periode-4/MRB/MRB-git/Jaar-2-MRB/Eindopdacht/Eindopdacht_versie_1/hello_world/build/bootloader/CMakeFiles/CMakeTmp]
  ignore line: []
  ignore line: [Run Build Command(s):/Users/daphne/anaconda3/bin/ninja cmTC_6e016 && [1/2] Building CXX object CMakeFiles/cmTC_6e016.dir/CMakeCXXCompilerABI.cpp.obj]
  ignore line: [Using built-in specs.]
  ignore line: [COLLECT_GCC=/Users/daphne/.espressif/tools/xtensa-esp32-elf/esp-2022r1-11.2.0/xtensa-esp32-elf/bin/xtensa-esp32-elf-g++]
  ignore line: [Target: xtensa-esp32-elf]
  ignore line: [Configured with: /builds/idf/crosstool-NG/.build/HOST-x86_64-apple-darwin12/xtensa-esp32-elf/src/gcc/configure --build=x86_64-build_pc-linux-gnu --host=x86_64-host_apple-darwin12 --target=xtensa-esp32-elf --prefix=/builds/idf/crosstool-NG/builds/xtensa-esp32-elf --exec_prefix=/builds/idf/crosstool-NG/builds/xtensa-esp32-elf --with-local-prefix=/builds/idf/crosstool-NG/builds/xtensa-esp32-elf/xtensa-esp32-elf --with-headers=/builds/idf/crosstool-NG/builds/xtensa-esp32-elf/xtensa-esp32-elf/include --with-newlib --enable-threads=no --disable-shared --with-pkgversion='crosstool-NG esp-2022r1' --disable-__cxa_atexit --enable-cxx-flags=-ffunction-sections --disable-libgomp --disable-libmudflap --disable-libmpx --disable-libssp --disable-libquadmath --disable-libquadmath-support --disable-libstdcxx-verbose --with-gmp=/builds/idf/crosstool-NG/.build/HOST-x86_64-apple-darwin12/xtensa-esp32-elf/buildtools/complibs-host --with-mpfr=/builds/idf/crosstool-NG/.build/HOST-x86_64-apple-darwin12/xtensa-esp32-elf/buildtools/complibs-host --with-mpc=/builds/idf/crosstool-NG/.build/HOST-x86_64-apple-darwin12/xtensa-esp32-elf/buildtools/complibs-host --with-isl=/builds/idf/crosstool-NG/.build/HOST-x86_64-apple-darwin12/xtensa-esp32-elf/buildtools/complibs-host --enable-lto --enable-target-optspace --without-long-double-128 --disable-nls --enable-multiarch --enable-languages=c c++ --disable-libstdcxx-verbose --enable-threads=posix --enable-gcov-custom-rtio --enable-libstdcxx-time=yes]
  ignore line: [Thread model: posix]
  ignore line: [Supported LTO compression algorithms: zlib]
  ignore line: [gcc version 11.2.0 (crosstool-NG esp-2022r1) ]
  ignore line: [COLLECT_GCC_OPTIONS='-mlongcalls' '-Wno-frame-address' '-v' '-o' 'CMakeFiles/cmTC_6e016.dir/CMakeCXXCompilerABI.cpp.obj' '-c' '-dumpdir' 'CMakeFiles/cmTC_6e016.dir/']
  ignore line: [ /Users/daphne/.espressif/tools/xtensa-esp32-elf/esp-2022r1-11.2.0/xtensa-esp32-elf/bin/../libexec/gcc/xtensa-esp32-elf/11.2.0/cc1plus -quiet -v -iprefix /Users/daphne/.espressif/tools/xtensa-esp32-elf/esp-2022r1-11.2.0/xtensa-esp32-elf/bin/../lib/gcc/xtensa-esp32-elf/11.2.0/ /Users/daphne/.espressif/tools/cmake/3.24.0/CMake.app/Contents/share/cmake-3.24/Modules/CMakeCXXCompilerABI.cpp -quiet -dumpdir CMakeFiles/cmTC_6e016.dir/ -dumpbase CMakeCXXCompilerABI.cpp.cpp -dumpbase-ext .cpp -mlongcalls -Wno-frame-address -version -o /var/folders/c6/2nfq7tf54r78j1k2sj1jnd4m0000gn/T//ccMUj6XR.s]
  ignore line: [GNU C++17 (crosstool-NG esp-2022r1) version 11.2.0 (xtensa-esp32-elf)]
  ignore line: [	compiled by GNU C version 8.3.0  GMP version 6.2.1  MPFR version 4.1.0  MPC version 1.2.1  isl version isl-0.24-GMP]
  ignore line: []
  ignore line: [GGC heuristics: --param ggc-min-expand=100 --param ggc-min-heapsize=131072]
  ignore line: [ignoring duplicate directory "/Users/daphne/.espressif/tools/xtensa-esp32-elf/esp-2022r1-11.2.0/xtensa-esp32-elf/bin/../lib/gcc/../../lib/gcc/xtensa-esp32-elf/11.2.0/../../../../xtensa-esp32-elf/include/c++/11.2.0"]
  ignore line: [ignoring duplicate directory "/Users/daphne/.espressif/tools/xtensa-esp32-elf/esp-2022r1-11.2.0/xtensa-esp32-elf/bin/../lib/gcc/../../lib/gcc/xtensa-esp32-elf/11.2.0/../../../../xtensa-esp32-elf/include/c++/11.2.0/xtensa-esp32-elf"]
  ignore line: [ignoring duplicate directory "/Users/daphne/.espressif/tools/xtensa-esp32-elf/esp-2022r1-11.2.0/xtensa-esp32-elf/bin/../lib/gcc/../../lib/gcc/xtensa-esp32-elf/11.2.0/../../../../xtensa-esp32-elf/include/c++/11.2.0/backward"]
  ignore line: [ignoring duplicate directory "/Users/daphne/.espressif/tools/xtensa-esp32-elf/esp-2022r1-11.2.0/xtensa-esp32-elf/bin/../lib/gcc/../../lib/gcc/xtensa-esp32-elf/11.2.0/include"]
  ignore line: [ignoring duplicate directory "/Users/daphne/.espressif/tools/xtensa-esp32-elf/esp-2022r1-11.2.0/xtensa-esp32-elf/bin/../lib/gcc/../../lib/gcc/xtensa-esp32-elf/11.2.0/include-fixed"]
  ignore line: [ignoring duplicate directory "/Users/daphne/.espressif/tools/xtensa-esp32-elf/esp-2022r1-11.2.0/xtensa-esp32-elf/bin/../lib/gcc/../../lib/gcc/xtensa-esp32-elf/11.2.0/../../../../xtensa-esp32-elf/sys-include"]
  ignore line: [ignoring duplicate directory "/Users/daphne/.espressif/tools/xtensa-esp32-elf/esp-2022r1-11.2.0/xtensa-esp32-elf/bin/../lib/gcc/../../lib/gcc/xtensa-esp32-elf/11.2.0/../../../../xtensa-esp32-elf/include"]
  ignore line: [#include "..." search starts here:]
  ignore line: [#include <...> search starts here:]
  ignore line: [ /Users/daphne/.espressif/tools/xtensa-esp32-elf/esp-2022r1-11.2.0/xtensa-esp32-elf/bin/../lib/gcc/xtensa-esp32-elf/11.2.0/../../../../xtensa-esp32-elf/include/c++/11.2.0]
  ignore line: [ /Users/daphne/.espressif/tools/xtensa-esp32-elf/esp-2022r1-11.2.0/xtensa-esp32-elf/bin/../lib/gcc/xtensa-esp32-elf/11.2.0/../../../../xtensa-esp32-elf/include/c++/11.2.0/xtensa-esp32-elf]
  ignore line: [ /Users/daphne/.espressif/tools/xtensa-esp32-elf/esp-2022r1-11.2.0/xtensa-esp32-elf/bin/../lib/gcc/xtensa-esp32-elf/11.2.0/../../../../xtensa-esp32-elf/include/c++/11.2.0/backward]
  ignore line: [ /Users/daphne/.espressif/tools/xtensa-esp32-elf/esp-2022r1-11.2.0/xtensa-esp32-elf/bin/../lib/gcc/xtensa-esp32-elf/11.2.0/include]
  ignore line: [ /Users/daphne/.espressif/tools/xtensa-esp32-elf/esp-2022r1-11.2.0/xtensa-esp32-elf/bin/../lib/gcc/xtensa-esp32-elf/11.2.0/include-fixed]
  ignore line: [ /Users/daphne/.espressif/tools/xtensa-esp32-elf/esp-2022r1-11.2.0/xtensa-esp32-elf/bin/../lib/gcc/xtensa-esp32-elf/11.2.0/../../../../xtensa-esp32-elf/sys-include]
  ignore line: [ /Users/daphne/.espressif/tools/xtensa-esp32-elf/esp-2022r1-11.2.0/xtensa-esp32-elf/bin/../lib/gcc/xtensa-esp32-elf/11.2.0/../../../../xtensa-esp32-elf/include]
  ignore line: [End of search list.]
  ignore line: [GNU C++17 (crosstool-NG esp-2022r1) version 11.2.0 (xtensa-esp32-elf)]
  ignore line: [	compiled by GNU C version 8.3.0  GMP version 6.2.1  MPFR version 4.1.0  MPC version 1.2.1  isl version isl-0.24-GMP]
  ignore line: []
  ignore line: [GGC heuristics: --param ggc-min-expand=100 --param ggc-min-heapsize=131072]
  ignore line: [Compiler executable checksum: 81b570d654092f584a25f2d252fedc88]
  ignore line: [COLLECT_GCC_OPTIONS='-mlongcalls' '-Wno-frame-address' '-v' '-o' 'CMakeFiles/cmTC_6e016.dir/CMakeCXXCompilerABI.cpp.obj' '-c' '-dumpdir' 'CMakeFiles/cmTC_6e016.dir/']
  ignore line: [ /Users/daphne/.espressif/tools/xtensa-esp32-elf/esp-2022r1-11.2.0/xtensa-esp32-elf/bin/../lib/gcc/xtensa-esp32-elf/11.2.0/../../../../xtensa-esp32-elf/bin/as --traditional-format --longcalls -o CMakeFiles/cmTC_6e016.dir/CMakeCXXCompilerABI.cpp.obj /var/folders/c6/2nfq7tf54r78j1k2sj1jnd4m0000gn/T//ccMUj6XR.s]
  ignore line: [COMPILER_PATH=/Users/daphne/.espressif/tools/xtensa-esp32-elf/esp-2022r1-11.2.0/xtensa-esp32-elf/bin/../libexec/gcc/xtensa-esp32-elf/11.2.0/:/Users/daphne/.espressif/tools/xtensa-esp32-elf/esp-2022r1-11.2.0/xtensa-esp32-elf/bin/../libexec/gcc/:/Users/daphne/.espressif/tools/xtensa-esp32-elf/esp-2022r1-11.2.0/xtensa-esp32-elf/bin/../lib/gcc/xtensa-esp32-elf/11.2.0/../../../../xtensa-esp32-elf/bin/]
  ignore line: [LIBRARY_PATH=/Users/daphne/.espressif/tools/xtensa-esp32-elf/esp-2022r1-11.2.0/xtensa-esp32-elf/bin/../lib/gcc/xtensa-esp32-elf/11.2.0/:/Users/daphne/.espressif/tools/xtensa-esp32-elf/esp-2022r1-11.2.0/xtensa-esp32-elf/bin/../lib/gcc/:/Users/daphne/.espressif/tools/xtensa-esp32-elf/esp-2022r1-11.2.0/xtensa-esp32-elf/bin/../lib/gcc/xtensa-esp32-elf/11.2.0/../../../../xtensa-esp32-elf/lib/]
  ignore line: [COLLECT_GCC_OPTIONS='-mlongcalls' '-Wno-frame-address' '-v' '-o' 'CMakeFiles/cmTC_6e016.dir/CMakeCXXCompilerABI.cpp.obj' '-c' '-dumpdir' 'CMakeFiles/cmTC_6e016.dir/CMakeCXXCompilerABI.cpp.']
  ignore line: [[2/2] Linking CXX executable cmTC_6e016]
  ignore line: [Using built-in specs.]
  ignore line: [COLLECT_GCC=/Users/daphne/.espressif/tools/xtensa-esp32-elf/esp-2022r1-11.2.0/xtensa-esp32-elf/bin/xtensa-esp32-elf-g++]
  ignore line: [COLLECT_LTO_WRAPPER=/Users/daphne/.espressif/tools/xtensa-esp32-elf/esp-2022r1-11.2.0/xtensa-esp32-elf/bin/../libexec/gcc/xtensa-esp32-elf/11.2.0/lto-wrapper]
  ignore line: [Target: xtensa-esp32-elf]
  ignore line: [Configured with: /builds/idf/crosstool-NG/.build/HOST-x86_64-apple-darwin12/xtensa-esp32-elf/src/gcc/configure --build=x86_64-build_pc-linux-gnu --host=x86_64-host_apple-darwin12 --target=xtensa-esp32-elf --prefix=/builds/idf/crosstool-NG/builds/xtensa-esp32-elf --exec_prefix=/builds/idf/crosstool-NG/builds/xtensa-esp32-elf --with-local-prefix=/builds/idf/crosstool-NG/builds/xtensa-esp32-elf/xtensa-esp32-elf --with-headers=/builds/idf/crosstool-NG/builds/xtensa-esp32-elf/xtensa-esp32-elf/include --with-newlib --enable-threads=no --disable-shared --with-pkgversion='crosstool-NG esp-2022r1' --disable-__cxa_atexit --enable-cxx-flags=-ffunction-sections --disable-libgomp --disable-libmudflap --disable-libmpx --disable-libssp --disable-libquadmath --disable-libquadmath-support --disable-libstdcxx-verbose --with-gmp=/builds/idf/crosstool-NG/.build/HOST-x86_64-apple-darwin12/xtensa-esp32-elf/buildtools/complibs-host --with-mpfr=/builds/idf/crosstool-NG/.build/HOST-x86_64-apple-darwin12/xtensa-esp32-elf/buildtools/complibs-host --with-mpc=/builds/idf/crosstool-NG/.build/HOST-x86_64-apple-darwin12/xtensa-esp32-elf/buildtools/complibs-host --with-isl=/builds/idf/crosstool-NG/.build/HOST-x86_64-apple-darwin12/xtensa-esp32-elf/buildtools/complibs-host --enable-lto --enable-target-optspace --without-long-double-128 --disable-nls --enable-multiarch --enable-languages=c c++ --disable-libstdcxx-verbose --enable-threads=posix --enable-gcov-custom-rtio --enable-libstdcxx-time=yes]
  ignore line: [Thread model: posix]
  ignore line: [Supported LTO compression algorithms: zlib]
  ignore line: [gcc version 11.2.0 (crosstool-NG esp-2022r1) ]
  ignore line: [COMPILER_PATH=/Users/daphne/.espressif/tools/xtensa-esp32-elf/esp-2022r1-11.2.0/xtensa-esp32-elf/bin/../libexec/gcc/xtensa-esp32-elf/11.2.0/:/Users/daphne/.espressif/tools/xtensa-esp32-elf/esp-2022r1-11.2.0/xtensa-esp32-elf/bin/../libexec/gcc/:/Users/daphne/.espressif/tools/xtensa-esp32-elf/esp-2022r1-11.2.0/xtensa-esp32-elf/bin/../lib/gcc/xtensa-esp32-elf/11.2.0/../../../../xtensa-esp32-elf/bin/]
  ignore line: [LIBRARY_PATH=/Users/daphne/.espressif/tools/xtensa-esp32-elf/esp-2022r1-11.2.0/xtensa-esp32-elf/bin/../lib/gcc/xtensa-esp32-elf/11.2.0/:/Users/daphne/.espressif/tools/xtensa-esp32-elf/esp-2022r1-11.2.0/xtensa-esp32-elf/bin/../lib/gcc/:/Users/daphne/.espressif/tools/xtensa-esp32-elf/esp-2022r1-11.2.0/xtensa-esp32-elf/bin/../lib/gcc/xtensa-esp32-elf/11.2.0/../../../../xtensa-esp32-elf/lib/]
  ignore line: [COLLECT_GCC_OPTIONS='-mlongcalls' '-Wno-frame-address' '-v' '-o' 'cmTC_6e016' '-dumpdir' 'cmTC_6e016.']
  link line: [ /Users/daphne/.espressif/tools/xtensa-esp32-elf/esp-2022r1-11.2.0/xtensa-esp32-elf/bin/../libexec/gcc/xtensa-esp32-elf/11.2.0/collect2 -plugin /Users/daphne/.espressif/tools/xtensa-esp32-elf/esp-2022r1-11.2.0/xtensa-esp32-elf/bin/../libexec/gcc/xtensa-esp32-elf/11.2.0/liblto_plugin.so -plugin-opt=/Users/daphne/.espressif/tools/xtensa-esp32-elf/esp-2022r1-11.2.0/xtensa-esp32-elf/bin/../libexec/gcc/xtensa-esp32-elf/11.2.0/lto-wrapper -plugin-opt=-fresolution=/var/folders/c6/2nfq7tf54r78j1k2sj1jnd4m0000gn/T//ccy8l2FH.res -plugin-opt=-pass-through=-lgcc -plugin-opt=-pass-through=-lc -plugin-opt=-pass-through=-lnosys -plugin-opt=-pass-through=-lc -plugin-opt=-pass-through=-lgcc -o cmTC_6e016 /Users/daphne/.espressif/tools/xtensa-esp32-elf/esp-2022r1-11.2.0/xtensa-esp32-elf/bin/../lib/gcc/xtensa-esp32-elf/11.2.0/../../../../xtensa-esp32-elf/lib/crt0.o /Users/daphne/.espressif/tools/xtensa-esp32-elf/esp-2022r1-11.2.0/xtensa-esp32-elf/bin/../lib/gcc/xtensa-esp32-elf/11.2.0/crti.o /Users/daphne/.espressif/tools/xtensa-esp32-elf/esp-2022r1-11.2.0/xtensa-esp32-elf/bin/../lib/gcc/xtensa-esp32-elf/11.2.0/crtbegin.o -L/Users/daphne/.espressif/tools/xtensa-esp32-elf/esp-2022r1-11.2.0/xtensa-esp32-elf/bin/../lib/gcc/xtensa-esp32-elf/11.2.0 -L/Users/daphne/.espressif/tools/xtensa-esp32-elf/esp-2022r1-11.2.0/xtensa-esp32-elf/bin/../lib/gcc -L/Users/daphne/.espressif/tools/xtensa-esp32-elf/esp-2022r1-11.2.0/xtensa-esp32-elf/bin/../lib/gcc/xtensa-esp32-elf/11.2.0/../../../../xtensa-esp32-elf/lib CMakeFiles/cmTC_6e016.dir/CMakeCXXCompilerABI.cpp.obj -lstdc++ -lm -lgcc -lc -lnosys -lc -lgcc /Users/daphne/.espressif/tools/xtensa-esp32-elf/esp-2022r1-11.2.0/xtensa-esp32-elf/bin/../lib/gcc/xtensa-esp32-elf/11.2.0/crtend.o /Users/daphne/.espressif/tools/xtensa-esp32-elf/esp-2022r1-11.2.0/xtensa-esp32-elf/bin/../lib/gcc/xtensa-esp32-elf/11.2.0/crtn.o]
    arg [/Users/daphne/.espressif/tools/xtensa-esp32-elf/esp-2022r1-11.2.0/xtensa-esp32-elf/bin/../libexec/gcc/xtensa-esp32-elf/11.2.0/collect2] ==> ignore
    arg [-plugin] ==> ignore
    arg [/Users/daphne/.espressif/tools/xtensa-esp32-elf/esp-2022r1-11.2.0/xtensa-esp32-elf/bin/../libexec/gcc/xtensa-esp32-elf/11.2.0/liblto_plugin.so] ==> ignore
    arg [-plugin-opt=/Users/daphne/.espressif/tools/xtensa-esp32-elf/esp-2022r1-11.2.0/xtensa-esp32-elf/bin/../libexec/gcc/xtensa-esp32-elf/11.2.0/lto-wrapper] ==> ignore
    arg [-plugin-opt=-fresolution=/var/folders/c6/2nfq7tf54r78j1k2sj1jnd4m0000gn/T//ccy8l2FH.res] ==> ignore
    arg [-plugin-opt=-pass-through=-lgcc] ==> ignore
    arg [-plugin-opt=-pass-through=-lc] ==> ignore
    arg [-plugin-opt=-pass-through=-lnosys] ==> ignore
    arg [-plugin-opt=-pass-through=-lc] ==> ignore
    arg [-plugin-opt=-pass-through=-lgcc] ==> ignore
    arg [-o] ==> ignore
    arg [cmTC_6e016] ==> ignore
    arg [/Users/daphne/.espressif/tools/xtensa-esp32-elf/esp-2022r1-11.2.0/xtensa-esp32-elf/bin/../lib/gcc/xtensa-esp32-elf/11.2.0/../../../../xtensa-esp32-elf/lib/crt0.o] ==> obj [/Users/daphne/.espressif/tools/xtensa-esp32-elf/esp-2022r1-11.2.0/xtensa-esp32-elf/bin/../lib/gcc/xtensa-esp32-elf/11.2.0/../../../../xtensa-esp32-elf/lib/crt0.o]
    arg [/Users/daphne/.espressif/tools/xtensa-esp32-elf/esp-2022r1-11.2.0/xtensa-esp32-elf/bin/../lib/gcc/xtensa-esp32-elf/11.2.0/crti.o] ==> obj [/Users/daphne/.espressif/tools/xtensa-esp32-elf/esp-2022r1-11.2.0/xtensa-esp32-elf/bin/../lib/gcc/xtensa-esp32-elf/11.2.0/crti.o]
    arg [/Users/daphne/.espressif/tools/xtensa-esp32-elf/esp-2022r1-11.2.0/xtensa-esp32-elf/bin/../lib/gcc/xtensa-esp32-elf/11.2.0/crtbegin.o] ==> obj [/Users/daphne/.espressif/tools/xtensa-esp32-elf/esp-2022r1-11.2.0/xtensa-esp32-elf/bin/../lib/gcc/xtensa-esp32-elf/11.2.0/crtbegin.o]
    arg [-L/Users/daphne/.espressif/tools/xtensa-esp32-elf/esp-2022r1-11.2.0/xtensa-esp32-elf/bin/../lib/gcc/xtensa-esp32-elf/11.2.0] ==> dir [/Users/daphne/.espressif/tools/xtensa-esp32-elf/esp-2022r1-11.2.0/xtensa-esp32-elf/bin/../lib/gcc/xtensa-esp32-elf/11.2.0]
    arg [-L/Users/daphne/.espressif/tools/xtensa-esp32-elf/esp-2022r1-11.2.0/xtensa-esp32-elf/bin/../lib/gcc] ==> dir [/Users/daphne/.espressif/tools/xtensa-esp32-elf/esp-2022r1-11.2.0/xtensa-esp32-elf/bin/../lib/gcc]
    arg [-L/Users/daphne/.espressif/tools/xtensa-esp32-elf/esp-2022r1-11.2.0/xtensa-esp32-elf/bin/../lib/gcc/xtensa-esp32-elf/11.2.0/../../../../xtensa-esp32-elf/lib] ==> dir [/Users/daphne/.espressif/tools/xtensa-esp32-elf/esp-2022r1-11.2.0/xtensa-esp32-elf/bin/../lib/gcc/xtensa-esp32-elf/11.2.0/../../../../xtensa-esp32-elf/lib]
    arg [CMakeFiles/cmTC_6e016.dir/CMakeCXXCompilerABI.cpp.obj] ==> ignore
    arg [-lstdc++] ==> lib [stdc++]
    arg [-lm] ==> lib [m]
    arg [-lgcc] ==> lib [gcc]
    arg [-lc] ==> lib [c]
    arg [-lnosys] ==> lib [nosys]
    arg [-lc] ==> lib [c]
    arg [-lgcc] ==> lib [gcc]
    arg [/Users/daphne/.espressif/tools/xtensa-esp32-elf/esp-2022r1-11.2.0/xtensa-esp32-elf/bin/../lib/gcc/xtensa-esp32-elf/11.2.0/crtend.o] ==> obj [/Users/daphne/.espressif/tools/xtensa-esp32-elf/esp-2022r1-11.2.0/xtensa-esp32-elf/bin/../lib/gcc/xtensa-esp32-elf/11.2.0/crtend.o]
    arg [/Users/daphne/.espressif/tools/xtensa-esp32-elf/esp-2022r1-11.2.0/xtensa-esp32-elf/bin/../lib/gcc/xtensa-esp32-elf/11.2.0/crtn.o] ==> obj [/Users/daphne/.espressif/tools/xtensa-esp32-elf/esp-2022r1-11.2.0/xtensa-esp32-elf/bin/../lib/gcc/xtensa-esp32-elf/11.2.0/crtn.o]
  collapse obj [/Users/daphne/.espressif/tools/xtensa-esp32-elf/esp-2022r1-11.2.0/xtensa-esp32-elf/bin/../lib/gcc/xtensa-esp32-elf/11.2.0/../../../../xtensa-esp32-elf/lib/crt0.o] ==> [/Users/daphne/.espressif/tools/xtensa-esp32-elf/esp-2022r1-11.2.0/xtensa-esp32-elf/xtensa-esp32-elf/lib/crt0.o]
  collapse obj [/Users/daphne/.espressif/tools/xtensa-esp32-elf/esp-2022r1-11.2.0/xtensa-esp32-elf/bin/../lib/gcc/xtensa-esp32-elf/11.2.0/crti.o] ==> [/Users/daphne/.espressif/tools/xtensa-esp32-elf/esp-2022r1-11.2.0/xtensa-esp32-elf/lib/gcc/xtensa-esp32-elf/11.2.0/crti.o]
  collapse obj [/Users/daphne/.espressif/tools/xtensa-esp32-elf/esp-2022r1-11.2.0/xtensa-esp32-elf/bin/../lib/gcc/xtensa-esp32-elf/11.2.0/crtbegin.o] ==> [/Users/daphne/.espressif/tools/xtensa-esp32-elf/esp-2022r1-11.2.0/xtensa-esp32-elf/lib/gcc/xtensa-esp32-elf/11.2.0/crtbegin.o]
  collapse obj [/Users/daphne/.espressif/tools/xtensa-esp32-elf/esp-2022r1-11.2.0/xtensa-esp32-elf/bin/../lib/gcc/xtensa-esp32-elf/11.2.0/crtend.o] ==> [/Users/daphne/.espressif/tools/xtensa-esp32-elf/esp-2022r1-11.2.0/xtensa-esp32-elf/lib/gcc/xtensa-esp32-elf/11.2.0/crtend.o]
  collapse obj [/Users/daphne/.espressif/tools/xtensa-esp32-elf/esp-2022r1-11.2.0/xtensa-esp32-elf/bin/../lib/gcc/xtensa-esp32-elf/11.2.0/crtn.o] ==> [/Users/daphne/.espressif/tools/xtensa-esp32-elf/esp-2022r1-11.2.0/xtensa-esp32-elf/lib/gcc/xtensa-esp32-elf/11.2.0/crtn.o]
  collapse library dir [/Users/daphne/.espressif/tools/xtensa-esp32-elf/esp-2022r1-11.2.0/xtensa-esp32-elf/bin/../lib/gcc/xtensa-esp32-elf/11.2.0] ==> [/Users/daphne/.espressif/tools/xtensa-esp32-elf/esp-2022r1-11.2.0/xtensa-esp32-elf/lib/gcc/xtensa-esp32-elf/11.2.0]
  collapse library dir [/Users/daphne/.espressif/tools/xtensa-esp32-elf/esp-2022r1-11.2.0/xtensa-esp32-elf/bin/../lib/gcc] ==> [/Users/daphne/.espressif/tools/xtensa-esp32-elf/esp-2022r1-11.2.0/xtensa-esp32-elf/lib/gcc]
  collapse library dir [/Users/daphne/.espressif/tools/xtensa-esp32-elf/esp-2022r1-11.2.0/xtensa-esp32-elf/bin/../lib/gcc/xtensa-esp32-elf/11.2.0/../../../../xtensa-esp32-elf/lib] ==> [/Users/daphne/.espressif/tools/xtensa-esp32-elf/esp-2022r1-11.2.0/xtensa-esp32-elf/xtensa-esp32-elf/lib]
  implicit libs: [stdc++;m;gcc;c;nosys;c;gcc]
  implicit objs: [/Users/daphne/.espressif/tools/xtensa-esp32-elf/esp-2022r1-11.2.0/xtensa-esp32-elf/xtensa-esp32-elf/lib/crt0.o;/Users/daphne/.espressif/tools/xtensa-esp32-elf/esp-2022r1-11.2.0/xtensa-esp32-elf/lib/gcc/xtensa-esp32-elf/11.2.0/crti.o;/Users/daphne/.espressif/tools/xtensa-esp32-elf/esp-2022r1-11.2.0/xtensa-esp32-elf/lib/gcc/xtensa-esp32-elf/11.2.0/crtbegin.o;/Users/daphne/.espressif/tools/xtensa-esp32-elf/esp-2022r1-11.2.0/xtensa-esp32-elf/lib/gcc/xtensa-esp32-elf/11.2.0/crtend.o;/Users/daphne/.espressif/tools/xtensa-esp32-elf/esp-2022r1-11.2.0/xtensa-esp32-elf/lib/gcc/xtensa-esp32-elf/11.2.0/crtn.o]
  implicit dirs: [/Users/daphne/.espressif/tools/xtensa-esp32-elf/esp-2022r1-11.2.0/xtensa-esp32-elf/lib/gcc/xtensa-esp32-elf/11.2.0;/Users/daphne/.espressif/tools/xtensa-esp32-elf/esp-2022r1-11.2.0/xtensa-esp32-elf/lib/gcc;/Users/daphne/.espressif/tools/xtensa-esp32-elf/esp-2022r1-11.2.0/xtensa-esp32-elf/xtensa-esp32-elf/lib]
  implicit fwks: []


Determining if the include file sys/types.h exists passed with the following output:
Change Dir: /Users/daphne/Documents/HU/Jaar-2-periode-4/MRB/MRB-git/Jaar-2-MRB/Eindopdacht/Eindopdacht_versie_1/hello_world/build/bootloader/CMakeFiles/CMakeTmp

Run Build Command(s):/Users/daphne/anaconda3/bin/ninja cmTC_17e6e && [1/2] Building C object CMakeFiles/cmTC_17e6e.dir/CheckIncludeFile.c.obj
[2/2] Linking C executable cmTC_17e6e



Determining if the include file stdint.h exists passed with the following output:
Change Dir: /Users/daphne/Documents/HU/Jaar-2-periode-4/MRB/MRB-git/Jaar-2-MRB/Eindopdacht/Eindopdacht_versie_1/hello_world/build/bootloader/CMakeFiles/CMakeTmp

Run Build Command(s):/Users/daphne/anaconda3/bin/ninja cmTC_3b4de && [1/2] Building C object CMakeFiles/cmTC_3b4de.dir/CheckIncludeFile.c.obj
[2/2] Linking C executable cmTC_3b4de



Determining if the include file stddef.h exists passed with the following output:
Change Dir: /Users/daphne/Documents/HU/Jaar-2-periode-4/MRB/MRB-git/Jaar-2-MRB/Eindopdacht/Eindopdacht_versie_1/hello_world/build/bootloader/CMakeFiles/CMakeTmp

Run Build Command(s):/Users/daphne/anaconda3/bin/ninja cmTC_0060f && [1/2] Building C object CMakeFiles/cmTC_0060f.dir/CheckIncludeFile.c.obj
[2/2] Linking C executable cmTC_0060f



Determining size of time_t passed with the following output:
Change Dir: /Users/daphne/Documents/HU/Jaar-2-periode-4/MRB/MRB-git/Jaar-2-MRB/Eindopdacht/Eindopdacht_versie_1/hello_world/build/bootloader/CMakeFiles/CMakeTmp

Run Build Command(s):/Users/daphne/anaconda3/bin/ninja cmTC_0630f && [1/2] Building C object CMakeFiles/cmTC_0630f.dir/TIME_T_SIZE.c.obj
[2/2] Linking C executable cmTC_0630f



